#
# A fatal error has been detected by the Java Runtime Environment:
#
#  SIGSEGV (0xb) at pc=0x00007fff885d00d9, pid=32483, tid=1299
#
# JRE version: Java(TM) SE Runtime Environment (8.0-b132) (build 1.8.0-b132)
# Java VM: Java HotSpot(TM) 64-Bit Server VM (25.0-b70 mixed mode bsd-amd64 compressed oops)
# Problematic frame:
# C  [CoreFoundation+0x270d9]  CFDataGetBytePtr+0x19
#
# Failed to write core dump. Core dumps have been disabled. To enable core dumping, try "ulimit -c unlimited" before starting Java again
#
# If you would like to submit a bug report, please visit:
#   http://bugreport.sun.com/bugreport/crash.jsp
# The crash happened outside the Java Virtual Machine in native code.
# See problematic frame for where to report the bug.
#

---------------  T H R E A D  ---------------

Current thread (0x00007f94fb8e8000):  JavaThread "JavaFX Application Thread" [_thread_in_native, id=1299, stack(0x00007fff4f69c000,0x00007fff4fe9c000)]

siginfo:si_signo=SIGSEGV: si_errno=0, si_code=1 (SEGV_MAPERR), si_addr=0x0000000000000000

Registers:
RAX=0x0000000000006117, RBX=0x0000000000000000, RCX=0x0000000000000000, RDX=0x00007f94fb144bd0
RSP=0x00007fff4fe946d0, RBP=0x00007fff4fe946e0, RSI=0x0000a4000000a400, RDI=0x0000000000000000
R8 =0x00007fff4fe94660, R9 =0x0000000000000002, R10=0x0000000000000030, R11=0x0000000000000206
R12=0x0000000000006117, R13=0x00007f94f8f102e0, R14=0x0000000000000000, R15=0x0000000000000000
RIP=0x00007fff885d00d9, EFLAGS=0x0000000000010246, ERR=0x0000000000000004
  TRAPNO=0x000000000000000e

Top of Stack: (sp=0x00007fff4fe946d0)
0x00007fff4fe946d0:   0000000000000000 0000000000000000
0x00007fff4fe946e0:   00007fff4fe94770 00007fff8a0a3c53
0x00007fff4fe946f0:   0000002800001200 0000020b00000000
0x00007fff4fe94700:   0000728600000000 0000000100000000
0x00007fff4fe94710:   0000000000000000 0000000800000000
0x00007fff4fe94720:   0001b893f8f102e0 00007f94f8caf130
0x00007fff4fe94730:   00007fff00000000 0000000000000000
0x00007fff4fe94740:   00001c7cf8f102e0 00007f94f8caf130
0x00007fff4fe94750:   000000000001b893 00007fff75299aa0
0x00007fff4fe94760:   00007f94f8caf510 0000000000001c7c
0x00007fff4fe94770:   00007fff4fe94790 00007fff8a0a3b9c
0x00007fff4fe94780:   0000000000000003 00007f94f8caf130
0x00007fff4fe94790:   00007fff4fe947f0 00007fff8aa6a3cb
0x00007fff4fe947a0:   00007f94f8caf130 0000000000000000
0x00007fff4fe947b0:   403b000000000000 41dfffffffc00000
0x00007fff4fe947c0:   4069000000000000 0000000000000000
0x00007fff4fe947d0:   00007f94f8e18090 00007fff91d290c0
0x00007fff4fe947e0:   0000000000001c7c 00007fff91d290c0
0x00007fff4fe947f0:   00007fff4fe948c0 00007fff8aa69a89
0x00007fff4fe94800:   0000000000000000 408aa80000000000
0x00007fff4fe94810:   41dfffffffc00000 4069000000000000
0x00007fff4fe94820:   0000000000000000 40901c0000000000
0x00007fff4fe94830:   0000000000000000 4036000000000000
0x00007fff4fe94840:   4069000000000000 41dfffffffc00000
0x00007fff4fe94850:   408aa80000000000 0000000000000000
0x00007fff4fe94860:   4069000000000000 41dfffffffc00000
0x00007fff4fe94870:   4069000000000000 0000000000000000
0x00007fff4fe94880:   4054000000000000 0000000000000000
0x00007fff4fe94890:   0000000000000000 0000000000000010
0x00007fff4fe948a0:   00007f94f8e18090 00007fff91d290c0
0x00007fff4fe948b0:   0000000000000000 0000000000000010
0x00007fff4fe948c0:   00007fff4fe949e0 00007fff8aa6912c 

Instructions: (pc=0x00007fff885d00d9)
0x00007fff885d00b9:   5d c3 0f 1f 44 00 00 55 48 89 e5 41 56 53 48 89
0x00007fff885d00c9:   fb 48 83 3d 96 da 65 ec ff 75 7d f6 c3 01 75 58
0x00007fff885d00d9:   48 8b 03 48 85 c0 74 40 48 8d 0d 80 d4 65 ec 48
0x00007fff885d00e9:   3b 01 74 34 48 8b 0d 7c da 65 ec 45 31 f6 48 81 

Register to memory mapping:

RAX=0x0000000000006117 is an unknown value
RBX=0x0000000000000000 is an unknown value
RCX=0x0000000000000000 is an unknown value
RDX=0x00007f94fb144bd0 is an unknown value
RSP=0x00007fff4fe946d0 is pointing into the stack for thread: 0x00007f94fb8e8000
RBP=0x00007fff4fe946e0 is pointing into the stack for thread: 0x00007f94fb8e8000
RSI=0x0000a4000000a400 is an unknown value
RDI=0x0000000000000000 is an unknown value
R8 =0x00007fff4fe94660 is pointing into the stack for thread: 0x00007f94fb8e8000
R9 =0x0000000000000002 is an unknown value
R10=0x0000000000000030 is an unknown value
R11=0x0000000000000206 is an unknown value
R12=0x0000000000006117 is an unknown value
R13=0x00007f94f8f102e0 is an unknown value
R14=0x0000000000000000 is an unknown value
R15=0x0000000000000000 is an unknown value


Stack: [0x00007fff4f69c000,0x00007fff4fe9c000],  sp=0x00007fff4fe946d0,  free space=8161k
Native frames: (J=compiled Java code, j=interpreted, Vv=VM code, C=native code)
C  [CoreFoundation+0x270d9]  CFDataGetBytePtr+0x19
C  [CoreGraphics+0x5bc53]  CGSShapeWindow+0xa9
C  [CoreGraphics+0x5bb9c]  CGSSetWindowShapeWithWeighting+0x18
C  [AppKit+0xd43cb]  _NXPlaceWindow+0xa2
C  [AppKit+0xd3a89]  -[NSWindow _setFrame:updateBorderViewSize:]+0x380
C  [AppKit+0xd312c]  -[NSWindow _oldPlaceWindow:]+0x45e
C  [AppKit+0xd251d]  -[NSWindow _setFrameCommon:display:stashSize:]+0xa02
C  [AppKit+0x18f895]  -[NSWindow setFrame:display:animate:]+0x93
C  [libglass.dylib+0x272d5]  -[GlassWindow(Java) _setFlipFrame:display:animate:]+0xa5
C  [libglass.dylib+0x26ec4]  -[GlassWindow(Java) _setWindowFrameWithRect:withDisplay:withAnimate:]+0x84
C  [libglass.dylib+0x270f0]  -[GlassWindow(Java) _setBounds:y:xSet:ySet:w:h:cw:ch:]+0x220
C  [libglass.dylib+0x2aa4d]  Java_com_sun_glass_ui_mac_MacWindow__1setBounds+0x1ad
j  com.sun.glass.ui.mac.MacWindow._setBounds(JIIZZIIIIFF)V+0
j  com.sun.glass.ui.Window.setBounds(IIZZIIIIFF)V+29
j  com.sun.javafx.tk.quantum.WindowStage.setBounds(FFZZFFFFFF)V+39
j  javafx.stage.Window$TKBoundsConfigurator.apply()V+110
j  javafx.stage.Window.applyBounds()V+4
j  javafx.stage.Window.adjustSize(Z)V+198
j  javafx.stage.Window.access$400(Ljavafx/stage/Window;Z)V+2
j  javafx.stage.Window$9.invalidated()V+281
j  javafx.beans.property.BooleanPropertyBase.markInvalid()V+13
j  javafx.beans.property.BooleanPropertyBase.set(Z)V+31
j  javafx.stage.Window.setShowing(Z)V+11
j  javafx.stage.Window.show()V+2
j  javafx.stage.Stage.show()V+1
j  TruDisp.TruDisp.start(Ljavafx/stage/Stage;)V+33
j  com.sun.javafx.application.LauncherImpl$8.run()V+26
j  com.sun.javafx.application.PlatformImpl$7.run()V+4
j  com.sun.javafx.application.PlatformImpl$6$1.run()Ljava/lang/Void;+7
j  com.sun.javafx.application.PlatformImpl$6$1.run()Ljava/lang/Object;+1
v  ~StubRoutines::call_stub
V  [libjvm.dylib+0x2c54fa]
V  [libjvm.dylib+0x31ac86]
j  java.security.AccessController.doPrivileged(Ljava/security/PrivilegedAction;Ljava/security/AccessControlContext;)Ljava/lang/Object;+0
j  com.sun.javafx.application.PlatformImpl$6.run()V+12
j  com.sun.glass.ui.InvokeLaterDispatcher$Future.run()V+4
v  ~StubRoutines::call_stub
V  [libjvm.dylib+0x2c54fa]
V  [libjvm.dylib+0x2fa364]
V  [libjvm.dylib+0x2ecff8]
C  [libglass.dylib+0xaaa3]  -[GlassRunnable run]+0xa3
C  [Foundation+0x92d00]  __NSThreadPerformPerform+0x125
C  [CoreFoundation+0x80a01]  __CFRUNLOOP_IS_CALLING_OUT_TO_A_SOURCE0_PERFORM_FUNCTION__+0x11
C  [CoreFoundation+0x72b8d]  __CFRunLoopDoSources0+0x10d
C  [CoreFoundation+0x721bf]  __CFRunLoopRun+0x39f
C  [CoreFoundation+0x71bd8]  CFRunLoopRunSpecific+0x128
C  [HIToolbox+0x3256f]  RunCurrentEventLoopInMode+0xeb
C  [HIToolbox+0x322ea]  ReceiveNextEventCommon+0x1af
C  [HIToolbox+0x3212b]  _BlockUntilNextEventMatchingListInModeWithFilter+0x47
C  [AppKit+0x918ab]  _DPSNextEvent+0x3d2
C  [AppKit+0x90e58]  -[NSApplication nextEventMatchingMask:untilDate:inMode:dequeue:]+0x15a
C  [AppKit+0x25c887]  -[NSApplication _realDoModalLoop:peek:]+0x29a
C  [AppKit+0x258e76]  -[NSApplication runModalForWindow:]+0x77
C  [AppKit+0x30a953]  -[NSAlert runModal]+0x90
C  [AppKit+0x3421bd]  __55-[NSPersistentUIRestorer promptToIgnorePersistentState]_block_invoke+0x40d
C  [AppKit+0x341d6e]  -[NSApplication _suppressFinishLaunchingFromEventHandlersWhilePerformingBlock:]+0x1c
C  [AppKit+0x341d0d]  -[NSPersistentUIRestorer promptToIgnorePersistentState]+0xf7
C  [AppKit+0x98b6a]  -[NSApplication _reopenWindowsAsNecessaryIncludingRestorableState:registeringAsReady:completionHandler:]+0xff
C  [AppKit+0x98939]  -[NSApplication(NSAppleEventHandling) _handleAEOpenEvent:]+0x231
C  [AppKit+0x98385]  -[NSApplication(NSAppleEventHandling) _handleCoreEvent:withReplyEvent:]+0xf4
C  [Foundation+0x3a748]  -[NSAppleEventManager dispatchRawAppleEvent:withRawReply:handlerRefCon:]+0x122
C  [Foundation+0x3a5b9]  _NSAppleEventManagerGenericHandler+0x66
C  [AE+0xa34c]  _Z20aeDispatchAppleEventPK6AEDescPS_jPh+0x213
C  [AE+0xa0c9]  _ZL25dispatchEventAndSendReplyPK6AEDescPS_+0x1f
C  [AE+0x9fd3]  aeProcessAppleEvent+0x127
C  [HIToolbox+0x40c6e]  AEProcessAppleEvent+0x38
C  [AppKit+0x91da2]  _DPSNextEvent+0x8c9
C  [AppKit+0x90e58]  -[NSApplication nextEventMatchingMask:untilDate:inMode:dequeue:]+0x15a
C  [AppKit+0x86af3]  -[NSApplication run]+0x252
C  [libglass.dylib+0xbfb5]  -[GlassApplication runLoop:]+0x6a5
C  [Foundation+0x92d00]  __NSThreadPerformPerform+0x125
C  [CoreFoundation+0x80a01]  __CFRUNLOOP_IS_CALLING_OUT_TO_A_SOURCE0_PERFORM_FUNCTION__+0x11
C  [CoreFoundation+0x72b8d]  __CFRunLoopDoSources0+0x10d
C  [CoreFoundation+0x721bf]  __CFRunLoopRun+0x39f
C  [CoreFoundation+0x71bd8]  CFRunLoopRunSpecific+0x128
C  [java+0x56db]  CreateExecutionEnvironment+0x367
C  [java+0x167c]  JLI_Launch+0x7a0
C  [java+0x7699]  main+0x65
C  [java+0xed4]  start+0x34

Java frames: (J=compiled Java code, j=interpreted, Vv=VM code)
j  com.sun.glass.ui.mac.MacWindow._setBounds(JIIZZIIIIFF)V+0
j  com.sun.glass.ui.Window.setBounds(IIZZIIIIFF)V+29
j  com.sun.javafx.tk.quantum.WindowStage.setBounds(FFZZFFFFFF)V+39
j  javafx.stage.Window$TKBoundsConfigurator.apply()V+110
j  javafx.stage.Window.applyBounds()V+4
j  javafx.stage.Window.adjustSize(Z)V+198
j  javafx.stage.Window.access$400(Ljavafx/stage/Window;Z)V+2
j  javafx.stage.Window$9.invalidated()V+281
j  javafx.beans.property.BooleanPropertyBase.markInvalid()V+13
j  javafx.beans.property.BooleanPropertyBase.set(Z)V+31
j  javafx.stage.Window.setShowing(Z)V+11
j  javafx.stage.Window.show()V+2
j  javafx.stage.Stage.show()V+1
j  TruDisp.TruDisp.start(Ljavafx/stage/Stage;)V+33
j  com.sun.javafx.application.LauncherImpl$8.run()V+26
j  com.sun.javafx.application.PlatformImpl$7.run()V+4
j  com.sun.javafx.application.PlatformImpl$6$1.run()Ljava/lang/Void;+7
j  com.sun.javafx.application.PlatformImpl$6$1.run()Ljava/lang/Object;+1
v  ~StubRoutines::call_stub
j  java.security.AccessController.doPrivileged(Ljava/security/PrivilegedAction;Ljava/security/AccessControlContext;)Ljava/lang/Object;+0
j  com.sun.javafx.application.PlatformImpl$6.run()V+12
j  com.sun.glass.ui.InvokeLaterDispatcher$Future.run()V+4
v  ~StubRoutines::call_stub

---------------  P R O C E S S  ---------------

Java Threads: ( => current thread )
  0x00007f94f99c3000 JavaThread "Prism Font Disposer" daemon [_thread_blocked, id=51479, stack(0x000000013153a000,0x000000013163a000)]
  0x00007f94fd013800 JavaThread "Thread-4" daemon [_thread_in_native, id=39687, stack(0x000000012e752000,0x000000012e7d2000)]
=>0x00007f94fb8e8000 JavaThread "JavaFX Application Thread" [_thread_in_native, id=1299, stack(0x00007fff4f69c000,0x00007fff4fe9c000)]
  0x00007f94fd012000 JavaThread "Thread-2" daemon [_thread_blocked, id=28435, stack(0x000000012bc84000,0x000000012bd84000)]
  0x00007f94f985b000 JavaThread "QuantumRenderer-0" daemon [_thread_blocked, id=22787, stack(0x000000012b428000,0x000000012b528000)]
  0x00007f94fc8b2000 JavaThread "JavaFX-Launcher" [_thread_blocked, id=22275, stack(0x000000012b325000,0x000000012b425000)]
  0x00007f94fd00f000 JavaThread "Monitor Ctrl-Break" daemon [_thread_in_native, id=21763, stack(0x000000012b11e000,0x000000012b21e000)]
  0x00007f94fc846000 JavaThread "Service Thread" daemon [_thread_blocked, id=20739, stack(0x000000012adcc000,0x000000012aecc000)]
  0x00007f94fc82b000 JavaThread "C1 CompilerThread3" daemon [_thread_blocked, id=20227, stack(0x000000012acc9000,0x000000012adc9000)]
  0x00007f94fc82a800 JavaThread "C2 CompilerThread2" daemon [_thread_blocked, id=19715, stack(0x000000012abc6000,0x000000012acc6000)]
  0x00007f94fc829800 JavaThread "C2 CompilerThread1" daemon [_thread_in_native, id=19203, stack(0x000000012aac3000,0x000000012abc3000)]
  0x00007f94fb821800 JavaThread "C2 CompilerThread0" daemon [_thread_blocked, id=18691, stack(0x000000012a9c0000,0x000000012aac0000)]
  0x00007f94fb81c000 JavaThread "Signal Dispatcher" daemon [_thread_blocked, id=15383, stack(0x000000012a8bd000,0x000000012a9bd000)]
  0x00007f94fa005000 JavaThread "Finalizer" daemon [_thread_blocked, id=13571, stack(0x0000000128e94000,0x0000000128f94000)]
  0x00007f94fa004800 JavaThread "Reference Handler" daemon [_thread_blocked, id=13059, stack(0x0000000128d91000,0x0000000128e91000)]
  0x00007f94fb800000 JavaThread "main" [_thread_blocked, id=4867, stack(0x000000010fe7a000,0x000000010ff7a000)]

Other Threads:
  0x00007f94fc000000 VMThread [stack: 0x0000000128c8e000,0x0000000128d8e000] [id=12547]
  0x00007f94fc807800 WatcherThread [stack: 0x000000012aecf000,0x000000012afcf000] [id=21251]

VM state:not at safepoint (normal execution)

VM Mutex/Monitor currently owned by a thread: None

Heap:
 PSYoungGen      total 10240K, used 4339K [0x0000000795580000, 0x0000000796680000, 0x00000007c0000000)
  eden space 8192K, 30% used [0x0000000795580000,0x00000007957e8e50,0x0000000795d80000)
  from space 2048K, 91% used [0x0000000795d80000,0x0000000795f54010,0x0000000795f80000)
  to   space 2048K, 0% used [0x0000000796480000,0x0000000796480000,0x0000000796680000)
 ParOldGen       total 129536K, used 2280K [0x0000000740000000, 0x0000000747e80000, 0x0000000795580000)
  object space 129536K, 1% used [0x0000000740000000,0x000000074023a3f0,0x0000000747e80000)
 Metaspace       used 13120K, capacity 13224K, committed 13440K, reserved 1060864K
  class space    used 2083K, capacity 2134K, committed 2176K, reserved 1048576K

Card table byte_map: [0x000000012127f000,0x0000000121680000] byte_map_base: 0x000000011d87f000

Marking Bits: (ParMarkBitMap*) 0x00000001118660a0
 Begin Bits: [0x0000000122143000, 0x0000000124143000)
 End Bits:   [0x0000000124143000, 0x0000000126143000)

Polling page: 0x000000010ffbe000

CodeCache: size=245760Kb used=3301Kb max_used=3301Kb free=242458Kb
 bounds [0x0000000111ebf000, 0x00000001121ff000, 0x0000000120ebf000]
 total_blobs=1416 nmethods=874 adapters=456
 compilation: enabled

Compilation events (10 events):
Event: 1.298 Thread 0x00007f94fc82b000  873       3       javafx.scene.Node::impl_geomChanged (45 bytes)
Event: 1.299 Thread 0x00007f94fc82b000 nmethod 873 0x00000001121f61d0 code [0x00000001121f63e0, 0x00000001121f6d48]
Event: 1.299 Thread 0x00007f94fc82b000  872       3       javafx.scene.Node::impl_markDirty (27 bytes)
Event: 1.299 Thread 0x00007f94fc82b000 nmethod 872 0x00000001121f7110 code [0x00000001121f72e0, 0x00000001121f7ba8]
Event: 1.299 Thread 0x00007f94fc82b000  874       3       javafx.scene.Parent::requestParentLayout (28 bytes)
Event: 1.300 Thread 0x00007f94fc82b000 nmethod 874 0x00000001121f7e90 code [0x00000001121f8040, 0x00000001121f86b8]
Event: 1.300 Thread 0x00007f94fc82b000  875       1       javafx.scene.Node::layoutBoundsProperty (5 bytes)
Event: 1.300 Thread 0x00007f94fc82b000 nmethod 875 0x00000001121f8890 code [0x00000001121f89e0, 0x00000001121f8af0]
Event: 1.300 Thread 0x00007f94fc82b000  876       1       javafx.scene.Node$LazyBoundsProperty::access$1700 (5 bytes)
Event: 1.300 Thread 0x00007f94fc82b000 nmethod 876 0x00000001121f8b50 code [0x00000001121f8ca0, 0x00000001121f8d90]

GC Heap History (10 events):
Event: 0.353 GC heap before
{Heap before GC invocations=5 (full 0):
 PSYoungGen      total 2560K, used 2439K [0x0000000795580000, 0x0000000795880000, 0x00000007c0000000)
  eden space 2048K, 95% used [0x0000000795580000,0x0000000795769f08,0x0000000795780000)
  from space 512K, 93% used [0x0000000795800000,0x0000000795878020,0x0000000795880000)
  to   space 512K, 0% used [0x0000000795780000,0x0000000795780000,0x0000000795800000)
 ParOldGen       total 129536K, used 360K [0x0000000740000000, 0x0000000747e80000, 0x0000000795580000)
  object space 129536K, 0% used [0x0000000740000000,0x000000074005a000,0x0000000747e80000)
 Metaspace       used 5103K, capacity 6144K, committed 6272K, reserved 1056768K
  class space    used 544K, capacity 552K, committed 640K, reserved 1048576K
Event: 0.354 GC heap after
Heap after GC invocations=5 (full 0):
 PSYoungGen      total 2560K, used 496K [0x0000000795580000, 0x0000000795b80000, 0x00000007c0000000)
  eden space 2048K, 0% used [0x0000000795580000,0x0000000795580000,0x0000000795780000)
  from space 512K, 96% used [0x0000000795780000,0x00000007957fc010,0x0000000795800000)
  to   space 1024K, 0% used [0x0000000795a80000,0x0000000795a80000,0x0000000795b80000)
 ParOldGen       total 129536K, used 540K [0x0000000740000000, 0x0000000747e80000, 0x0000000795580000)
  object space 129536K, 0% used [0x0000000740000000,0x0000000740087020,0x0000000747e80000)
 Metaspace       used 5103K, capacity 6144K, committed 6272K, reserved 1056768K
  class space    used 544K, capacity 552K, committed 640K, reserved 1048576K
}
Event: 0.518 GC heap before
{Heap before GC invocations=6 (full 0):
 PSYoungGen      total 2560K, used 2544K [0x0000000795580000, 0x0000000795b80000, 0x00000007c0000000)
  eden space 2048K, 100% used [0x0000000795580000,0x0000000795780000,0x0000000795780000)
  from space 512K, 96% used [0x0000000795780000,0x00000007957fc010,0x0000000795800000)
  to   space 1024K, 0% used [0x0000000795a80000,0x0000000795a80000,0x0000000795b80000)
 ParOldGen       total 129536K, used 540K [0x0000000740000000, 0x0000000747e80000, 0x0000000795580000)
  object space 129536K, 0% used [0x0000000740000000,0x0000000740087020,0x0000000747e80000)
 Metaspace       used 5767K, capacity 6754K, committed 6912K, reserved 1056768K
  class space    used 697K, capacity 714K, committed 768K, reserved 1048576K
Event: 0.519 GC heap after
Heap after GC invocations=6 (full 0):
 PSYoungGen      total 5120K, used 1008K [0x0000000795580000, 0x0000000795b80000, 0x00000007c0000000)
  eden space 4096K, 0% used [0x0000000795580000,0x0000000795580000,0x0000000795980000)
  from space 1024K, 98% used [0x0000000795a80000,0x0000000795b7c020,0x0000000795b80000)
  to   space 1024K, 0% used [0x0000000795980000,0x0000000795980000,0x0000000795a80000)
 ParOldGen       total 129536K, used 596K [0x0000000740000000, 0x0000000747e80000, 0x0000000795580000)
  object space 129536K, 0% used [0x0000000740000000,0x0000000740095030,0x0000000747e80000)
 Metaspace       used 5767K, capacity 6754K, committed 6912K, reserved 1056768K
  class space    used 697K, capacity 714K, committed 768K, reserved 1048576K
}
Event: 0.631 GC heap before
{Heap before GC invocations=7 (full 0):
 PSYoungGen      total 5120K, used 5104K [0x0000000795580000, 0x0000000795b80000, 0x00000007c0000000)
  eden space 4096K, 100% used [0x0000000795580000,0x0000000795980000,0x0000000795980000)
  from space 1024K, 98% used [0x0000000795a80000,0x0000000795b7c020,0x0000000795b80000)
  to   space 1024K, 0% used [0x0000000795980000,0x0000000795980000,0x0000000795a80000)
 ParOldGen       total 129536K, used 596K [0x0000000740000000, 0x0000000747e80000, 0x0000000795580000)
  object space 129536K, 0% used [0x0000000740000000,0x0000000740095030,0x0000000747e80000)
 Metaspace       used 7406K, capacity 7868K, committed 7936K, reserved 1056768K
  class space    used 944K, capacity 970K, committed 1024K, reserved 1048576K
Event: 0.633 GC heap after
Heap after GC invocations=7 (full 0):
 PSYoungGen      total 5120K, used 992K [0x0000000795580000, 0x0000000796180000, 0x00000007c0000000)
  eden space 4096K, 0% used [0x0000000795580000,0x0000000795580000,0x0000000795980000)
  from space 1024K, 96% used [0x0000000795980000,0x0000000795a78010,0x0000000795a80000)
  to   space 2048K, 0% used [0x0000000795f80000,0x0000000795f80000,0x0000000796180000)
 ParOldGen       total 129536K, used 1504K [0x0000000740000000, 0x0000000747e80000, 0x0000000795580000)
  object space 129536K, 1% used [0x0000000740000000,0x00000007401783e0,0x0000000747e80000)
 Metaspace       used 7406K, capacity 7868K, committed 7936K, reserved 1056768K
  class space    used 944K, capacity 970K, committed 1024K, reserved 1048576K
}
Event: 0.760 GC heap before
{Heap before GC invocations=8 (full 0):
 PSYoungGen      total 5120K, used 5088K [0x0000000795580000, 0x0000000796180000, 0x00000007c0000000)
  eden space 4096K, 100% used [0x0000000795580000,0x0000000795980000,0x0000000795980000)
  from space 1024K, 96% used [0x0000000795980000,0x0000000795a78010,0x0000000795a80000)
  to   space 2048K, 0% used [0x0000000795f80000,0x0000000795f80000,0x0000000796180000)
 ParOldGen       total 129536K, used 1504K [0x0000000740000000, 0x0000000747e80000, 0x0000000795580000)
  object space 129536K, 1% used [0x0000000740000000,0x00000007401783e0,0x0000000747e80000)
 Metaspace       used 9415K, capacity 9528K, committed 9600K, reserved 1056768K
  class space    used 1343K, capacity 1398K, committed 1408K, reserved 1048576K
Event: 0.763 GC heap after
Heap after GC invocations=8 (full 0):
 PSYoungGen      total 10240K, used 1280K [0x0000000795580000, 0x0000000796180000, 0x00000007c0000000)
  eden space 8192K, 0% used [0x0000000795580000,0x0000000795580000,0x0000000795d80000)
  from space 2048K, 62% used [0x0000000795f80000,0x00000007960c0010,0x0000000796180000)
  to   space 2048K, 0% used [0x0000000795d80000,0x0000000795d80000,0x0000000795f80000)
 ParOldGen       total 129536K, used 1656K [0x0000000740000000, 0x0000000747e80000, 0x0000000795580000)
  object space 129536K, 1% used [0x0000000740000000,0x000000074019e3e0,0x0000000747e80000)
 Metaspace       used 9415K, capacity 9528K, committed 9600K, reserved 1056768K
  class space    used 1343K, capacity 1398K, committed 1408K, reserved 1048576K
}
Event: 1.217 GC heap before
{Heap before GC invocations=9 (full 0):
 PSYoungGen      total 10240K, used 9472K [0x0000000795580000, 0x0000000796180000, 0x00000007c0000000)
  eden space 8192K, 100% used [0x0000000795580000,0x0000000795d80000,0x0000000795d80000)
  from space 2048K, 62% used [0x0000000795f80000,0x00000007960c0010,0x0000000796180000)
  to   space 2048K, 0% used [0x0000000795d80000,0x0000000795d80000,0x0000000795f80000)
 ParOldGen       total 129536K, used 1656K [0x0000000740000000, 0x0000000747e80000, 0x0000000795580000)
  object space 129536K, 1% used [0x0000000740000000,0x000000074019e3e0,0x0000000747e80000)
 Metaspace       used 12330K, capacity 12456K, committed 12800K, reserved 1060864K
  class space    used 1919K, capacity 1942K, committed 2048K, reserved 1048576K
Event: 1.219 GC heap after
Heap after GC invocations=9 (full 0):
 PSYoungGen      total 10240K, used 1872K [0x0000000795580000, 0x0000000796680000, 0x00000007c0000000)
  eden space 8192K, 0% used [0x0000000795580000,0x0000000795580000,0x0000000795d80000)
  from space 2048K, 91% used [0x0000000795d80000,0x0000000795f54010,0x0000000795f80000)
  to   space 2048K, 0% used [0x0000000796480000,0x0000000796480000,0x0000000796680000)
 ParOldGen       total 129536K, used 2280K [0x0000000740000000, 0x0000000747e80000, 0x0000000795580000)
  object space 129536K, 1% used [0x0000000740000000,0x000000074023a3f0,0x0000000747e80000)
 Metaspace       used 12330K, capacity 12456K, committed 12800K, reserved 1060864K
  class space    used 1919K, capacity 1942K, committed 2048K, reserved 1048576K
}

Deoptimization events (10 events):
Event: 0.852 Thread 0x00007f94fb8e8000 Uncommon trap: reason=unreached action=reinterpret pc=0x00000001120cdd10 method=java.util.HashMap.hash(Ljava/lang/Object;)I @ 1
Event: 0.864 Thread 0x00007f94fb8e8000 Uncommon trap: reason=class_check action=maybe_recompile pc=0x00000001120b15d0 method=java.io.DataInputStream.readShort()S @ 4
Event: 0.864 Thread 0x00007f94fb8e8000 Uncommon trap: reason=class_check action=maybe_recompile pc=0x00000001120b15d0 method=java.io.DataInputStream.readShort()S @ 4
Event: 0.865 Thread 0x00007f94fb8e8000 Uncommon trap: reason=class_check action=maybe_recompile pc=0x00000001120b15d0 method=java.io.DataInputStream.readShort()S @ 4
Event: 0.865 Thread 0x00007f94fb8e8000 Uncommon trap: reason=class_check action=maybe_recompile pc=0x00000001120b15d0 method=java.io.DataInputStream.readShort()S @ 4
Event: 0.872 Thread 0x00007f94fb8e8000 Uncommon trap: reason=class_check action=maybe_recompile pc=0x0000000111ff4f48 method=java.lang.String.equals(Ljava/lang/Object;)Z @ 8
Event: 0.872 Thread 0x00007f94fb8e8000 Uncommon trap: reason=class_check action=maybe_recompile pc=0x0000000111ff4f48 method=java.lang.String.equals(Ljava/lang/Object;)Z @ 8
Event: 0.876 Thread 0x00007f94fb8e8000 Uncommon trap: reason=class_check action=maybe_recompile pc=0x0000000111ff4f48 method=java.lang.String.equals(Ljava/lang/Object;)Z @ 8
Event: 0.876 Thread 0x00007f94fb8e8000 Uncommon trap: reason=class_check action=maybe_recompile pc=0x0000000111ff4f48 method=java.lang.String.equals(Ljava/lang/Object;)Z @ 8
Event: 1.133 Thread 0x00007f94fb8e8000 Uncommon trap: reason=unloaded action=reinterpret pc=0x000000011208a2d8 method=java.lang.CharacterData.of(I)Ljava/lang/CharacterData; @ 96

Internal exceptions (10 events):
Event: 0.623 Thread 0x00007f94fb8e8000 Exception <a 'java/lang/NoSuchFieldError': method resolution failed> (0x0000000795954c30) thrown at [/HUDSON/workspace/8-2-build-macosx-x86_64/jdk8/2238/hotspot/src/share/vm/prims/methodHandles.cpp, line 1159]
Event: 0.624 Thread 0x00007f94fb8e8000 Exception <a 'java/lang/NoSuchFieldError': method resolution failed> (0x0000000795963658) thrown at [/HUDSON/workspace/8-2-build-macosx-x86_64/jdk8/2238/hotspot/src/share/vm/prims/methodHandles.cpp, line 1159]
Event: 0.625 Thread 0x00007f94fb8e8000 Exception <a 'java/lang/NoSuchFieldError': method resolution failed> (0x0000000795966820) thrown at [/HUDSON/workspace/8-2-build-macosx-x86_64/jdk8/2238/hotspot/src/share/vm/prims/methodHandles.cpp, line 1159]
Event: 0.755 Thread 0x00007f94fb8e8000 Exception <a 'java/security/PrivilegedActionException'> (0x00000007959435b0) thrown at [/HUDSON/workspace/8-2-build-macosx-x86_64/jdk8/2238/hotspot/src/share/vm/prims/jvm.cpp, line 1248]
Event: 0.758 Thread 0x00007f94fb8e8000 Exception <a 'java/security/PrivilegedActionException'> (0x000000079595abd0) thrown at [/HUDSON/workspace/8-2-build-macosx-x86_64/jdk8/2238/hotspot/src/share/vm/prims/jvm.cpp, line 1248]
Event: 0.759 Thread 0x00007f94fb8e8000 Exception <a 'java/security/PrivilegedActionException'> (0x0000000795972438) thrown at [/HUDSON/workspace/8-2-build-macosx-x86_64/jdk8/2238/hotspot/src/share/vm/prims/jvm.cpp, line 1248]
Event: 0.852 Thread 0x00007f94fb8e8000 Implicit null exception at 0x00000001120cdb35 to 0x00000001120cdd01
Event: 1.182 Thread 0x00007f94fb8e8000 Exception <a 'java/security/PrivilegedActionException'> (0x0000000795c967a8) thrown at [/HUDSON/workspace/8-2-build-macosx-x86_64/jdk8/2238/hotspot/src/share/vm/prims/jvm.cpp, line 1248]
Event: 1.184 Thread 0x00007f94fb8e8000 Exception <a 'java/security/PrivilegedActionException'> (0x0000000795cac020) thrown at [/HUDSON/workspace/8-2-build-macosx-x86_64/jdk8/2238/hotspot/src/share/vm/prims/jvm.cpp, line 1248]
Event: 1.185 Thread 0x00007f94fb8e8000 Exception <a 'java/security/PrivilegedActionException'> (0x0000000795cc1b38) thrown at [/HUDSON/workspace/8-2-build-macosx-x86_64/jdk8/2238/hotspot/src/share/vm/prims/jvm.cpp, line 1248]

Events (10 events):
Event: 1.292 loading class com/sun/javafx/scene/control/skin/CellSkinBase$StyleableProperties
Event: 1.292 loading class com/sun/javafx/scene/control/skin/CellSkinBase$StyleableProperties done
Event: 1.293 loading class com/sun/javafx/scene/control/skin/CellSkinBase$StyleableProperties$1
Event: 1.293 loading class com/sun/javafx/scene/control/skin/CellSkinBase$StyleableProperties$1 done
Event: 1.295 loading class com/sun/javafx/font/PrismFontUtils
Event: 1.295 loading class com/sun/javafx/font/PrismFontUtils done
Event: 1.295 loading class com/sun/javafx/tk/FontMetrics
Event: 1.295 loading class com/sun/javafx/tk/FontMetrics done
Event: 1.297 loading class javafx/scene/text/Text$TextAttribute$6$1
Event: 1.297 loading class javafx/scene/text/Text$TextAttribute$6$1 done


Dynamic libraries:
0x0000000004358000 	/System/Library/Frameworks/Cocoa.framework/Versions/A/Cocoa
0x0000000004358000 	/System/Library/Frameworks/Security.framework/Versions/A/Security
0x0000000004358000 	/System/Library/Frameworks/ApplicationServices.framework/Versions/A/ApplicationServices
0x0000000004358000 	/usr/lib/libz.1.dylib
0x0000000004358000 	/usr/lib/libSystem.B.dylib
0x0000000004358000 	/usr/lib/libobjc.A.dylib
0x0000000004358000 	/System/Library/Frameworks/CoreFoundation.framework/Versions/A/CoreFoundation
0x0000000004358000 	/System/Library/Frameworks/Foundation.framework/Versions/C/Foundation
0x0000000004358000 	/System/Library/Frameworks/AppKit.framework/Versions/C/AppKit
0x0000000004358000 	/System/Library/Frameworks/CoreData.framework/Versions/A/CoreData
0x0000000004358000 	/System/Library/PrivateFrameworks/RemoteViewServices.framework/Versions/A/RemoteViewServices
0x0000000004358000 	/System/Library/PrivateFrameworks/UIFoundation.framework/Versions/A/UIFoundation
0x0000000004358000 	/System/Library/Frameworks/IOSurface.framework/Versions/A/IOSurface
0x0000000004358000 	/System/Library/Frameworks/AudioToolbox.framework/Versions/A/AudioToolbox
0x0000000004358000 	/System/Library/Frameworks/AudioUnit.framework/Versions/A/AudioUnit
0x0000000004358000 	/System/Library/PrivateFrameworks/DataDetectorsCore.framework/Versions/A/DataDetectorsCore
0x0000000004358000 	/System/Library/PrivateFrameworks/DesktopServicesPriv.framework/Versions/A/DesktopServicesPriv
0x0000000004358000 	/System/Library/Frameworks/Carbon.framework/Versions/A/Frameworks/HIToolbox.framework/Versions/A/HIToolbox
0x0000000004358000 	/System/Library/Frameworks/QuartzCore.framework/Versions/A/QuartzCore
0x0000000004358000 	/System/Library/Frameworks/Carbon.framework/Versions/A/Frameworks/SpeechRecognition.framework/Versions/A/SpeechRecognition
0x0000000004358000 	/usr/lib/libauto.dylib
0x0000000004358000 	/usr/lib/libicucore.A.dylib
0x0000000004358000 	/usr/lib/libxml2.2.dylib
0x0000000004358000 	/System/Library/PrivateFrameworks/CoreUI.framework/Versions/A/CoreUI
0x0000000004358000 	/System/Library/Frameworks/CoreAudio.framework/Versions/A/CoreAudio
0x0000000004358000 	/System/Library/Frameworks/DiskArbitration.framework/Versions/A/DiskArbitration
0x0000000004358000 	/usr/lib/liblangid.dylib
0x0000000004358000 	/System/Library/PrivateFrameworks/MultitouchSupport.framework/Versions/A/MultitouchSupport
0x0000000004358000 	/System/Library/Frameworks/IOKit.framework/Versions/A/IOKit
0x0000000004358000 	/usr/lib/libDiagnosticMessagesClient.dylib
0x0000000004358000 	/System/Library/Frameworks/CoreServices.framework/Versions/A/CoreServices
0x0000000004358000 	/System/Library/PrivateFrameworks/PerformanceAnalysis.framework/Versions/A/PerformanceAnalysis
0x0000000004358000 	/System/Library/PrivateFrameworks/GenerationalStorage.framework/Versions/A/GenerationalStorage
0x0000000004358000 	/System/Library/Frameworks/OpenGL.framework/Versions/A/OpenGL
0x0000000004358000 	/System/Library/PrivateFrameworks/Sharing.framework/Versions/A/Sharing
0x0000000004358000 	/System/Library/Frameworks/CoreGraphics.framework/Versions/A/CoreGraphics
0x0000000004358000 	/System/Library/Frameworks/CoreText.framework/Versions/A/CoreText
0x0000000004358000 	/System/Library/Frameworks/ImageIO.framework/Versions/A/ImageIO
0x0000000004358000 	/usr/lib/libextension.dylib
0x0000000004358000 	/System/Library/PrivateFrameworks/Backup.framework/Versions/A/Backup
0x0000000004358000 	/usr/lib/libarchive.2.dylib
0x0000000004358000 	/System/Library/Frameworks/CFNetwork.framework/Versions/A/CFNetwork
0x0000000004358000 	/System/Library/Frameworks/SystemConfiguration.framework/Versions/A/SystemConfiguration
0x0000000004358000 	/usr/lib/libCRFSuite.dylib
0x0000000004358000 	/usr/lib/libc++.1.dylib
0x0000000004358000 	/usr/lib/libc++abi.dylib
0x0000000004358000 	/usr/lib/system/libcache.dylib
0x0000000004358000 	/usr/lib/system/libcommonCrypto.dylib
0x0000000004358000 	/usr/lib/system/libcompiler_rt.dylib
0x0000000004358000 	/usr/lib/system/libcopyfile.dylib
0x0000000004358000 	/usr/lib/system/libcorecrypto.dylib
0x0000000004358000 	/usr/lib/system/libdispatch.dylib
0x0000000004358000 	/usr/lib/system/libdyld.dylib
0x0000000004358000 	/usr/lib/system/libkeymgr.dylib
0x0000000004358000 	/usr/lib/system/liblaunch.dylib
0x0000000004358000 	/usr/lib/system/libmacho.dylib
0x0000000004358000 	/usr/lib/system/libquarantine.dylib
0x0000000004358000 	/usr/lib/system/libremovefile.dylib
0x0000000004358000 	/usr/lib/system/libsystem_asl.dylib
0x0000000004358000 	/usr/lib/system/libsystem_blocks.dylib
0x0000000004358000 	/usr/lib/system/libsystem_c.dylib
0x0000000004358000 	/usr/lib/system/libsystem_configuration.dylib
0x0000000004358000 	/usr/lib/system/libsystem_coreservices.dylib
0x0000000004358000 	/usr/lib/system/libsystem_coretls.dylib
0x0000000004358000 	/usr/lib/system/libsystem_dnssd.dylib
0x0000000004358000 	/usr/lib/system/libsystem_info.dylib
0x0000000004358000 	/usr/lib/system/libsystem_kernel.dylib
0x0000000004358000 	/usr/lib/system/libsystem_m.dylib
0x0000000004358000 	/usr/lib/system/libsystem_malloc.dylib
0x0000000004358000 	/usr/lib/system/libsystem_network.dylib
0x0000000004358000 	/usr/lib/system/libsystem_networkextension.dylib
0x0000000004358000 	/usr/lib/system/libsystem_notify.dylib
0x0000000004358000 	/usr/lib/system/libsystem_platform.dylib
0x0000000004358000 	/usr/lib/system/libsystem_pthread.dylib
0x0000000004358000 	/usr/lib/system/libsystem_sandbox.dylib
0x0000000004358000 	/usr/lib/system/libsystem_secinit.dylib
0x0000000004358000 	/usr/lib/system/libsystem_stats.dylib
0x0000000004358000 	/usr/lib/system/libsystem_trace.dylib
0x0000000004358000 	/usr/lib/system/libunc.dylib
0x0000000004358000 	/usr/lib/system/libunwind.dylib
0x0000000004358000 	/usr/lib/system/libxpc.dylib
0x0000000004358000 	/usr/lib/libbz2.1.0.dylib
0x0000000004358000 	/usr/lib/liblzma.5.dylib
0x0000000004358000 	/usr/lib/libbsm.0.dylib
0x0000000004358000 	/usr/lib/libsqlite3.dylib
0x0000000004358000 	/usr/lib/system/libkxld.dylib
0x0000000004358000 	/usr/lib/libxar.1.dylib
0x0000000004358000 	/usr/lib/libpam.2.dylib
0x0000000004358000 	/usr/lib/libOpenScriptingUtil.dylib
0x0000000004358000 	/System/Library/Frameworks/CoreServices.framework/Versions/A/Frameworks/FSEvents.framework/Versions/A/FSEvents
0x0000000004358000 	/System/Library/Frameworks/CoreServices.framework/Versions/A/Frameworks/CarbonCore.framework/Versions/A/CarbonCore
0x0000000004358000 	/System/Library/Frameworks/CoreServices.framework/Versions/A/Frameworks/Metadata.framework/Versions/A/Metadata
0x0000000004358000 	/System/Library/Frameworks/CoreServices.framework/Versions/A/Frameworks/OSServices.framework/Versions/A/OSServices
0x0000000004358000 	/System/Library/Frameworks/CoreServices.framework/Versions/A/Frameworks/SearchKit.framework/Versions/A/SearchKit
0x0000000004358000 	/System/Library/Frameworks/CoreServices.framework/Versions/A/Frameworks/AE.framework/Versions/A/AE
0x0000000004358000 	/System/Library/Frameworks/CoreServices.framework/Versions/A/Frameworks/LaunchServices.framework/Versions/A/LaunchServices
0x0000000004358000 	/System/Library/Frameworks/CoreServices.framework/Versions/A/Frameworks/DictionaryServices.framework/Versions/A/DictionaryServices
0x0000000004358000 	/System/Library/Frameworks/NetFS.framework/Versions/A/NetFS
0x0000000004358000 	/System/Library/PrivateFrameworks/NetAuth.framework/Versions/A/NetAuth
0x0000000004358000 	/System/Library/PrivateFrameworks/login.framework/Versions/A/Frameworks/loginsupport.framework/Versions/A/loginsupport
0x0000000004358000 	/System/Library/PrivateFrameworks/TCC.framework/Versions/A/TCC
0x0000000004358000 	/usr/lib/libmecabra.dylib
0x0000000004358000 	/System/Library/Frameworks/ApplicationServices.framework/Versions/A/Frameworks/ATS.framework/Versions/A/ATS
0x0000000004358000 	/System/Library/Frameworks/ApplicationServices.framework/Versions/A/Frameworks/ColorSync.framework/Versions/A/ColorSync
0x0000000004358000 	/System/Library/Frameworks/ApplicationServices.framework/Versions/A/Frameworks/HIServices.framework/Versions/A/HIServices
0x0000000004358000 	/System/Library/Frameworks/ApplicationServices.framework/Versions/A/Frameworks/LangAnalysis.framework/Versions/A/LangAnalysis
0x0000000004358000 	/System/Library/Frameworks/ApplicationServices.framework/Versions/A/Frameworks/PrintCore.framework/Versions/A/PrintCore
0x0000000004358000 	/System/Library/Frameworks/ApplicationServices.framework/Versions/A/Frameworks/QD.framework/Versions/A/QD
0x0000000004358000 	/System/Library/Frameworks/ApplicationServices.framework/Versions/A/Frameworks/SpeechSynthesis.framework/Versions/A/SpeechSynthesis
0x0000000004358000 	/System/Library/Frameworks/Accelerate.framework/Versions/A/Accelerate
0x0000000004358000 	/System/Library/Frameworks/Accelerate.framework/Versions/A/Frameworks/vImage.framework/Versions/A/vImage
0x0000000004358000 	/System/Library/Frameworks/Accelerate.framework/Versions/A/Frameworks/vecLib.framework/Versions/A/vecLib
0x0000000004358000 	/System/Library/Frameworks/Accelerate.framework/Versions/A/Frameworks/vecLib.framework/Versions/A/libvDSP.dylib
0x0000000004358000 	/System/Library/Frameworks/Accelerate.framework/Versions/A/Frameworks/vecLib.framework/Versions/A/libvMisc.dylib
0x0000000004358000 	/System/Library/Frameworks/Accelerate.framework/Versions/A/Frameworks/vecLib.framework/Versions/A/libLAPACK.dylib
0x0000000004358000 	/System/Library/Frameworks/Accelerate.framework/Versions/A/Frameworks/vecLib.framework/Versions/A/libBLAS.dylib
0x0000000004358000 	/System/Library/Frameworks/Accelerate.framework/Versions/A/Frameworks/vecLib.framework/Versions/A/libLinearAlgebra.dylib
0x0000000004358000 	/System/Library/Frameworks/ApplicationServices.framework/Versions/A/Frameworks/ATS.framework/Versions/A/Resources/libFontParser.dylib
0x0000000004358000 	/System/Library/Frameworks/ApplicationServices.framework/Versions/A/Frameworks/ATS.framework/Versions/A/Resources/libFontRegistry.dylib
0x0000000004358000 	/System/Library/PrivateFrameworks/AppleVPA.framework/Versions/A/AppleVPA
0x0000000004358000 	/System/Library/PrivateFrameworks/AppleJPEG.framework/Versions/A/AppleJPEG
0x0000000004358000 	/System/Library/Frameworks/ImageIO.framework/Versions/A/Resources/libJPEG.dylib
0x0000000004358000 	/System/Library/Frameworks/ImageIO.framework/Versions/A/Resources/libTIFF.dylib
0x0000000004358000 	/System/Library/Frameworks/ImageIO.framework/Versions/A/Resources/libPng.dylib
0x0000000004358000 	/System/Library/Frameworks/ImageIO.framework/Versions/A/Resources/libGIF.dylib
0x0000000004358000 	/System/Library/Frameworks/ImageIO.framework/Versions/A/Resources/libJP2.dylib
0x0000000004358000 	/System/Library/Frameworks/ImageIO.framework/Versions/A/Resources/libRadiance.dylib
0x0000000004358000 	/System/Library/Frameworks/CoreVideo.framework/Versions/A/CoreVideo
0x0000000004358000 	/System/Library/Frameworks/OpenGL.framework/Versions/A/Libraries/libGLU.dylib
0x0000000004358000 	/System/Library/Frameworks/OpenGL.framework/Versions/A/Libraries/libGFXShared.dylib
0x0000000004358000 	/System/Library/Frameworks/OpenGL.framework/Versions/A/Libraries/libGL.dylib
0x0000000004358000 	/System/Library/Frameworks/OpenGL.framework/Versions/A/Libraries/libGLImage.dylib
0x0000000004358000 	/System/Library/Frameworks/OpenGL.framework/Versions/A/Libraries/libCVMSPluginSupport.dylib
0x0000000004358000 	/System/Library/Frameworks/OpenGL.framework/Versions/A/Libraries/libCoreVMClient.dylib
0x0000000004358000 	/usr/lib/libcups.2.dylib
0x0000000004358000 	/System/Library/Frameworks/Kerberos.framework/Versions/A/Kerberos
0x0000000004358000 	/System/Library/Frameworks/GSS.framework/Versions/A/GSS
0x0000000004358000 	/usr/lib/libresolv.9.dylib
0x0000000004358000 	/usr/lib/libiconv.2.dylib
0x0000000004358000 	/System/Library/PrivateFrameworks/Heimdal.framework/Versions/A/Heimdal
0x0000000004358000 	/usr/lib/libheimdal-asn1.dylib
0x0000000004358000 	/System/Library/Frameworks/OpenDirectory.framework/Versions/A/OpenDirectory
0x0000000004358000 	/System/Library/PrivateFrameworks/CommonAuth.framework/Versions/A/CommonAuth
0x0000000004358000 	/System/Library/Frameworks/OpenDirectory.framework/Versions/A/Frameworks/CFOpenDirectory.framework/Versions/A/CFOpenDirectory
0x0000000004358000 	/System/Library/Frameworks/SecurityFoundation.framework/Versions/A/SecurityFoundation
0x0000000004358000 	/System/Library/PrivateFrameworks/LanguageModeling.framework/Versions/A/LanguageModeling
0x0000000004358000 	/usr/lib/libcmph.dylib
0x0000000004358000 	/System/Library/Frameworks/ServiceManagement.framework/Versions/A/ServiceManagement
0x0000000004358000 	/usr/lib/libxslt.1.dylib
0x0000000004358000 	/System/Library/Frameworks/Carbon.framework/Versions/A/Frameworks/Ink.framework/Versions/A/Ink
0x0000000004358000 	/System/Library/Frameworks/QuartzCore.framework/Versions/A/Frameworks/CoreImage.framework/Versions/A/CoreImage
0x0000000004358000 	/System/Library/PrivateFrameworks/CrashReporterSupport.framework/Versions/A/CrashReporterSupport
0x0000000004358000 	/System/Library/Frameworks/OpenCL.framework/Versions/A/OpenCL
0x0000000004358000 	/System/Library/PrivateFrameworks/FaceCore.framework/Versions/A/FaceCore
0x0000000004358000 	/System/Library/PrivateFrameworks/Ubiquity.framework/Versions/A/Ubiquity
0x0000000004358000 	/System/Library/PrivateFrameworks/IconServices.framework/Versions/A/IconServices
0x0000000004358000 	/System/Library/PrivateFrameworks/ChunkingLibrary.framework/Versions/A/ChunkingLibrary
0x0000000004358000 	/System/Library/PrivateFrameworks/Apple80211.framework/Versions/A/Apple80211
0x0000000004358000 	/System/Library/Frameworks/CoreWLAN.framework/Versions/A/CoreWLAN
0x0000000004358000 	/System/Library/Frameworks/IOBluetooth.framework/Versions/A/IOBluetooth
0x0000000004358000 	/System/Library/PrivateFrameworks/CoreWiFi.framework/Versions/A/CoreWiFi
0x0000000004358000 	/System/Library/Frameworks/CoreBluetooth.framework/Versions/A/CoreBluetooth
0x0000000004358000 	/System/Library/PrivateFrameworks/DebugSymbols.framework/Versions/A/DebugSymbols
0x0000000004358000 	/System/Library/PrivateFrameworks/CoreSymbolication.framework/Versions/A/CoreSymbolication
0x0000000004358000 	/System/Library/PrivateFrameworks/Symbolication.framework/Versions/A/Symbolication
0x0000000004358000 	/System/Library/PrivateFrameworks/SpeechRecognitionCore.framework/Versions/A/SpeechRecognitionCore
0x0000000111000000 	/Library/Java/JavaVirtualMachines/jdk1.8.0.jdk/Contents/Home/jre/lib/server/libjvm.dylib
0x0000000004358000 	/usr/lib/libstdc++.6.dylib
0x000000010ff7c000 	/Library/Java/JavaVirtualMachines/jdk1.8.0.jdk/Contents/Home/jre/lib/libverify.dylib
0x000000010ff8a000 	/Library/Java/JavaVirtualMachines/jdk1.8.0.jdk/Contents/Home/jre/lib/libjava.dylib
0x000000010ffc8000 	/Library/Java/JavaVirtualMachines/jdk1.8.0.jdk/Contents/Home/jre/lib/libzip.dylib
0x0000000128f96000 	/System/Library/Frameworks/JavaVM.framework/Frameworks/JavaRuntimeSupport.framework/JavaRuntimeSupport
0x0000000128fae000 	/System/Library/Frameworks/JavaVM.framework/Versions/A/Frameworks/JavaNativeFoundation.framework/Versions/A/JavaNativeFoundation
0x0000000128fc3000 	/System/Library/Frameworks/JavaVM.framework/Versions/A/JavaVM
0x0000000004358000 	/System/Library/Frameworks/Carbon.framework/Versions/A/Carbon
0x0000000128fd0000 	/System/Library/PrivateFrameworks/JavaLaunching.framework/Versions/A/JavaLaunching
0x0000000004358000 	/System/Library/Frameworks/Carbon.framework/Versions/A/Frameworks/CommonPanels.framework/Versions/A/CommonPanels
0x0000000004358000 	/System/Library/Frameworks/Carbon.framework/Versions/A/Frameworks/Help.framework/Versions/A/Help
0x0000000004358000 	/System/Library/Frameworks/Carbon.framework/Versions/A/Frameworks/ImageCapture.framework/Versions/A/ImageCapture
0x0000000004358000 	/System/Library/Frameworks/Carbon.framework/Versions/A/Frameworks/OpenScripting.framework/Versions/A/OpenScripting
0x0000000004358000 	/System/Library/Frameworks/Carbon.framework/Versions/A/Frameworks/Print.framework/Versions/A/Print
0x0000000004358000 	/System/Library/Frameworks/Carbon.framework/Versions/A/Frameworks/SecurityHI.framework/Versions/A/SecurityHI
0x000000012b11a000 	/Applications/IntelliJ IDEA 14 CE.app/Contents/bin/libbreakgen64.jnilib
0x000000012b220000 	/Library/Java/JavaVirtualMachines/jdk1.8.0.jdk/Contents/Home/jre/lib/libnet.dylib
0x000000012b52a000 	/Library/Java/JavaVirtualMachines/jdk1.8.0.jdk/Contents/Home/jre/lib/libprism_es2.dylib
0x0000000004358000 	/System/Library/Frameworks/OpenGL.framework/Versions/A/Resources/GLEngine.bundle/GLEngine
0x0000000004358000 	/System/Library/Frameworks/OpenGL.framework/Versions/A/Libraries/libGLProgrammability.dylib
0x0000000000000000 	/System/Library/Extensions/AppleIntelHD4000GraphicsGLDriver.bundle/Contents/MacOS/AppleIntelHD4000GraphicsGLDriver
0x0000000004358000 	/System/Library/PrivateFrameworks/IOAccelerator.framework/Versions/A/IOAccelerator
0x0000000004358000 	/System/Library/PrivateFrameworks/GPUSupport.framework/Versions/A/Libraries/libGPUSupportMercury.dylib
0x0000000000000000 	/System/Library/Extensions/GeForceGLDriver.bundle/Contents/MacOS/GeForceGLDriver
0x0000000004358000 	/System/Library/Extensions/GeForceGLDriver.bundle/Contents/MacOS/libclh.dylib
0x0000000004358000 	/System/Library/Frameworks/OpenGL.framework/Versions/A/Resources/GLRendererFloat.bundle/GLRendererFloat
0x0000000004358000 	/System/Library/Frameworks/OpenCL.framework/Versions/A/Libraries/libcldcpuengine.dylib
0x0000000004358000 	/System/Library/PrivateFrameworks/DiskImages.framework/Versions/A/DiskImages
0x0000000004358000 	/System/Library/Frameworks/DiscRecording.framework/Versions/A/DiscRecording
0x0000000004358000 	/usr/lib/libcsfde.dylib
0x0000000004358000 	/usr/lib/libcurl.4.dylib
0x0000000004358000 	/System/Library/PrivateFrameworks/MediaKit.framework/Versions/A/MediaKit
0x0000000004358000 	/System/Library/PrivateFrameworks/ProtectedCloudStorage.framework/Versions/A/ProtectedCloudStorage
0x0000000004358000 	/usr/lib/libCoreStorage.dylib
0x0000000004358000 	/System/Library/PrivateFrameworks/EFILogin.framework/Versions/A/EFILogin
0x0000000004358000 	/usr/lib/libutil.dylib
0x0000000004358000 	/System/Library/PrivateFrameworks/FindMyDevice.framework/Versions/A/FindMyDevice
0x0000000004358000 	/System/Library/Frameworks/LDAP.framework/Versions/A/LDAP
0x0000000004358000 	/usr/lib/libsasl2.2.dylib
0x0000000004358000 	/System/Library/PrivateFrameworks/CoreDaemon.framework/Versions/B/CoreDaemon
0x0000000004358000 	/usr/lib/libcrypto.0.9.8.dylib
0x0000000004358000 	/System/Library/PrivateFrameworks/AppleSRP.framework/Versions/A/AppleSRP
0x0000000004358000 	/System/Library/PrivateFrameworks/TrustEvaluationAgent.framework/Versions/A/TrustEvaluationAgent
0x000000012bc19000 	/Library/Java/JavaVirtualMachines/jdk1.8.0.jdk/Contents/Home/jre/lib/libglass.dylib
0x0000000004358000 	/System/Library/PrivateFrameworks/CoreServicesInternal.framework/Versions/A/CoreServicesInternal
0x0000000004358000 	/System/Library/PrivateFrameworks/CloudDocs.framework/Versions/A/CloudDocs
0x0000000004358000 	/System/Library/PrivateFrameworks/CoreDuet.framework/Versions/A/CoreDuet
0x0000000004358000 	/System/Library/Frameworks/CloudKit.framework/Versions/A/CloudKit
0x0000000004358000 	/System/Library/PrivateFrameworks/ProtocolBuffer.framework/Versions/A/ProtocolBuffer
0x0000000004358000 	/System/Library/PrivateFrameworks/CoreDuetDaemonProtocol.framework/Versions/A/CoreDuetDaemonProtocol
0x0000000004358000 	/System/Library/PrivateFrameworks/CoreDuetDebugLogging.framework/Versions/A/CoreDuetDebugLogging
0x0000000004358000 	/System/Library/PrivateFrameworks/MMCS.framework/Versions/A/MMCS
0x0000000004358000 	/System/Library/Frameworks/CoreLocation.framework/Versions/A/CoreLocation
0x0000000004358000 	/System/Library/PrivateFrameworks/GeoServices.framework/Versions/A/GeoServices
0x0000000004358000 	/System/Library/Frameworks/CoreGraphics.framework/Versions/A/Resources/libCGCMS.A.dylib
0x0000000004358000 	/System/Library/CoreServices/RawCamera.bundle/Contents/MacOS/RawCamera
0x0000000004358000 	/System/Library/Frameworks/CoreGraphics.framework/Versions/A/Resources/libRIP.A.dylib
0x0000000004358000 	/System/Library/PrivateFrameworks/FamilyControls.framework/Versions/A/FamilyControls
0x0000000004358000 	/System/Library/PrivateFrameworks/CommerceKit.framework/Versions/A/Frameworks/CommerceCore.framework/Versions/A/CommerceCore
0x0000000004358000 	/System/Library/PrivateFrameworks/SystemAdministration.framework/Versions/A/SystemAdministration
0x0000000004358000 	/System/Library/PrivateFrameworks/AppContainer.framework/Versions/A/AppContainer
0x0000000004358000 	/System/Library/PrivateFrameworks/SecCodeWrapper.framework/Versions/A/SecCodeWrapper
0x0000000004358000 	/System/Library/Frameworks/DirectoryService.framework/Versions/A/DirectoryService
0x0000000004358000 	/System/Library/PrivateFrameworks/LoginUIKit.framework/Versions/A/Frameworks/LoginUICore.framework/Versions/A/LoginUICore
0x0000000004358000 	/usr/lib/libodfde.dylib
0x0000000004358000 	/System/Library/Frameworks/CoreGraphics.framework/Versions/A/Resources/libCGXType.A.dylib
0x00000001312e0000 	/Library/Java/JavaVirtualMachines/jdk1.8.0.jdk/Contents/Home/jre/lib/libjavafx_font.dylib

VM Arguments:
jvm_args: -Didea.launcher.port=7543 -Didea.launcher.bin.path=/Applications/IntelliJ IDEA 14 CE.app/Contents/bin -Dfile.encoding=UTF-8 
java_command: com.intellij.rt.execution.application.AppMain TruDisp.TruDisp
java_class_path (initial): /Library/Java/JavaVirtualMachines/jdk1.8.0.jdk/Contents/Home/lib/ant-javafx.jar:/Library/Java/JavaVirtualMachines/jdk1.8.0.jdk/Contents/Home/lib/dt.jar:/Library/Java/JavaVirtualMachines/jdk1.8.0.jdk/Contents/Home/lib/javafx-mx.jar:/Library/Java/JavaVirtualMachines/jdk1.8.0.jdk/Contents/Home/lib/jconsole.jar:/Library/Java/JavaVirtualMachines/jdk1.8.0.jdk/Contents/Home/lib/sa-jdi.jar:/Library/Java/JavaVirtualMachines/jdk1.8.0.jdk/Contents/Home/lib/tools.jar:/Library/Java/JavaVirtualMachines/jdk1.8.0.jdk/Contents/Home/jre/lib/charsets.jar:/Library/Java/JavaVirtualMachines/jdk1.8.0.jdk/Contents/Home/jre/lib/deploy.jar:/Library/Java/JavaVirtualMachines/jdk1.8.0.jdk/Contents/Home/jre/lib/htmlconverter.jar:/Library/Java/JavaVirtualMachines/jdk1.8.0.jdk/Contents/Home/jre/lib/javaws.jar:/Library/Java/JavaVirtualMachines/jdk1.8.0.jdk/Contents/Home/jre/lib/jce.jar:/Library/Java/JavaVirtualMachines/jdk1.8.0.jdk/Contents/Home/jre/lib/jfr.jar:/Library/Java/JavaVirtualMachines/jdk1.8.0.jdk/Contents/Home/jre/lib/jfxswt.jar:/Library/Java/JavaVirtualMachines/jdk1.8.0.jdk/Contents/Home/jre/lib/jsse.jar:/Library/Java/JavaVirtualMachines/jdk1.8.0.jdk/Contents/Home/jre/lib/management-agent.jar:/Library/Java/JavaVirtualMachines/jdk1.8.0.jdk/Contents/Home/jre/lib/plugin.jar:/Library/Java/JavaVirtualMachines/jdk1.8.0.jdk/Contents/Home/jre/lib/resources.jar:/Library/Java/JavaVirtualMachines/jdk1.8.0.jdk/Contents/Home/jre/lib/rt.jar:/Library/Java/JavaVirtualMachines/jdk1.8.0.jdk/Contents/Home/jre/lib/ext/cldrdata.jar:/Library/Java/JavaVirtualMachines/jdk1.8.0.jdk/Contents/Home/jre/lib/ext/dnsns.jar:/Library/Java/JavaVirtualMachines/jdk1.8.0.jdk/Contents/Home/jre/lib/ext/jfxrt.jar:/Library/Java/JavaVirtualMachines/jdk1.8.0.jdk/Contents/Home/jre/lib/ext/localedata.jar:/Library/Java/JavaVirtualMachines/jdk1.8.0.jdk/Contents/Home/jre/lib/ext/nashorn.jar:/Library/Java/JavaVirtualMachines/jdk1.8.0.jdk/Contents/Home/jre/lib/ext/sunec.jar:/Library/Java/JavaVirtualMachines
Launcher Type: SUN_STANDARD

Environment Variables:
PATH=/opt/local/bin:/opt/local/sbin:/opt/local/bin:/opt/local/sbin:/opt/local/bin:/opt/local/sbin:/opt/local/bin:/opt/local/sbin:/opt/local/bin:/opt/local/sbin:/usr/local/bin:/usr/bin:/bin:/usr/sbin:/sbin:/opt/X11/bin
SHELL=/bin/bash
DISPLAY=/private/tmp/com.apple.launchd.5wHoczcYKy/org.macosforge.xquartz:0

Signal Handlers:
SIGSEGV: [libjvm.dylib+0x55faef], sa_mask[0]=0xfffefeff, sa_flags=0x00000043
SIGBUS: [libjvm.dylib+0x55faef], sa_mask[0]=0xfffefeff, sa_flags=0x00000042
SIGFPE: [libjvm.dylib+0x44305a], sa_mask[0]=0xfffefeff, sa_flags=0x00000042
SIGPIPE: [libjvm.dylib+0x44305a], sa_mask[0]=0xfffefeff, sa_flags=0x00000042
SIGXFSZ: [libjvm.dylib+0x44305a], sa_mask[0]=0xfffefeff, sa_flags=0x00000042
SIGILL: [libjvm.dylib+0x44305a], sa_mask[0]=0xfffefeff, sa_flags=0x00000042
SIGUSR1: SIG_DFL, sa_mask[0]=0x00000000, sa_flags=0x00000000
SIGUSR2: [libjvm.dylib+0x442b78], sa_mask[0]=0x00000004, sa_flags=0x00000042
SIGHUP: [libjvm.dylib+0x440f05], sa_mask[0]=0xfffefeff, sa_flags=0x00000042
SIGINT: [libjvm.dylib+0x440f05], sa_mask[0]=0xfffefeff, sa_flags=0x00000042
SIGTERM: [libjvm.dylib+0x440f05], sa_mask[0]=0xfffefeff, sa_flags=0x00000042
SIGQUIT: [libjvm.dylib+0x440f05], sa_mask[0]=0xfffefeff, sa_flags=0x00000042


---------------  S Y S T E M  ---------------

OS:Bsduname:Darwin 14.4.0 Darwin Kernel Version 14.4.0: Thu May 28 11:35:04 PDT 2015; root:xnu-2782.30.5~1/RELEASE_X86_64 x86_64
rlimit: STACK 8192k, CORE 0k, NPROC 709, NOFILE 10240, AS infinity
load average:2.62 2.83 3.16

CPU:total 8 (4 cores per cpu, 2 threads per core) family 6 model 58 stepping 9, cmov, cx8, fxsr, mmx, sse, sse2, sse3, ssse3, sse4.1, sse4.2, popcnt, avx, aes, clmul, erms, ht, tsc, tscinvbit

Memory: 4k page, physical 8388608k(23332k free)

/proc/meminfo:


vm_info: Java HotSpot(TM) 64-Bit Server VM (25.0-b70) for bsd-amd64 JRE (1.8.0-b132), built on Mar  4 2014 03:11:43 by "java_re" with gcc 4.2.1 (Based on Apple Inc. build 5658) (LLVM build 2336.11.00)

time: Thu Jul 30 04:26:07 2015
elapsed time: 1 seconds

