#
# A fatal error has been detected by the Java Runtime Environment:
#
#  SIGSEGV (0xb) at pc=0x00007fff885d00d9, pid=32472, tid=1299
#
# JRE version: Java(TM) SE Runtime Environment (8.0-b132) (build 1.8.0-b132)
# Java VM: Java HotSpot(TM) 64-Bit Server VM (25.0-b70 mixed mode bsd-amd64 compressed oops)
# Problematic frame:
# C  [CoreFoundation+0x270d9]  CFDataGetBytePtr+0x19
#
# Failed to write core dump. Core dumps have been disabled. To enable core dumping, try "ulimit -c unlimited" before starting Java again
#
# If you would like to submit a bug report, please visit:
#   http://bugreport.sun.com/bugreport/crash.jsp
# The crash happened outside the Java Virtual Machine in native code.
# See problematic frame for where to report the bug.
#

---------------  T H R E A D  ---------------

Current thread (0x00007fd54580c000):  JavaThread "JavaFX Application Thread" [_thread_in_native, id=1299, stack(0x00007fff59ec1000,0x00007fff5a6c1000)]

siginfo:si_signo=SIGSEGV: si_errno=0, si_code=1 (SEGV_MAPERR), si_addr=0x0000000000000000

Registers:
RAX=0x0000000000006117, RBX=0x0000000000000000, RCX=0x0000000000000000, RDX=0x00007fd54502b080
RSP=0x00007fff5a6ba460, RBP=0x00007fff5a6ba470, RSI=0x0000790000007900, RDI=0x0000000000000000
R8 =0x00007fff5a6ba3f0, R9 =0x0000000000000002, R10=0x0000000000000030, R11=0x0000000000000206
R12=0x0000000000006117, R13=0x00007fd542d91870, R14=0x0000000000000000, R15=0x0000000000000000
RIP=0x00007fff885d00d9, EFLAGS=0x0000000000010246, ERR=0x0000000000000004
  TRAPNO=0x000000000000000e

Top of Stack: (sp=0x00007fff5a6ba460)
0x00007fff5a6ba460:   0000000000000000 0000000000000000
0x00007fff5a6ba470:   00007fff5a6ba500 00007fff8a0a3c53
0x00007fff5a6ba480:   0000002800001200 0000020b00000000
0x00007fff5a6ba490:   0000728600000000 0000000100000000
0x00007fff5a6ba4a0:   0000000000000000 0000000800000000
0x00007fff5a6ba4b0:   0003fe6f42d91870 00007fd542ccc540
0x00007fff5a6ba4c0:   00007fff00000000 0000000000000000
0x00007fff5a6ba4d0:   00001c7942d91870 00007fd542ccc540
0x00007fff5a6ba4e0:   000000000003fe6f 00007fff75299aa0
0x00007fff5a6ba4f0:   00007fd54507fe10 0000000000001c79
0x00007fff5a6ba500:   00007fff5a6ba520 00007fff8a0a3b9c
0x00007fff5a6ba510:   0000000000000003 00007fd542ccc540
0x00007fff5a6ba520:   00007fff5a6ba580 00007fff8aa6a3cb
0x00007fff5a6ba530:   00007fd542ccc540 0000000000000000
0x00007fff5a6ba540:   403b000000000000 41dfffffffc00000
0x00007fff5a6ba550:   4069000000000000 0000000000000000
0x00007fff5a6ba560:   00007fd545073200 00007fff91d290c0
0x00007fff5a6ba570:   0000000000001c79 00007fff91d290c0
0x00007fff5a6ba580:   00007fff5a6ba650 00007fff8aa69a89
0x00007fff5a6ba590:   0000000000000000 408aa80000000000
0x00007fff5a6ba5a0:   41dfffffffc00000 4069000000000000
0x00007fff5a6ba5b0:   0000000000000000 40901c0000000000
0x00007fff5a6ba5c0:   0000000000000000 4036000000000000
0x00007fff5a6ba5d0:   4069000000000000 41dfffffffc00000
0x00007fff5a6ba5e0:   408aa80000000000 0000000000000000
0x00007fff5a6ba5f0:   4069000000000000 41dfffffffc00000
0x00007fff5a6ba600:   4069000000000000 0000000000000000
0x00007fff5a6ba610:   4054000000000000 0000000000000000
0x00007fff5a6ba620:   0000000000000000 0000000000000010
0x00007fff5a6ba630:   00007fd545073200 00007fff91d290c0
0x00007fff5a6ba640:   0000000000000000 0000000000000010
0x00007fff5a6ba650:   00007fff5a6ba770 00007fff8aa6912c 

Instructions: (pc=0x00007fff885d00d9)
0x00007fff885d00b9:   5d c3 0f 1f 44 00 00 55 48 89 e5 41 56 53 48 89
0x00007fff885d00c9:   fb 48 83 3d 96 da 65 ec ff 75 7d f6 c3 01 75 58
0x00007fff885d00d9:   48 8b 03 48 85 c0 74 40 48 8d 0d 80 d4 65 ec 48
0x00007fff885d00e9:   3b 01 74 34 48 8b 0d 7c da 65 ec 45 31 f6 48 81 

Register to memory mapping:

RAX=0x0000000000006117 is an unknown value
RBX=0x0000000000000000 is an unknown value
RCX=0x0000000000000000 is an unknown value
RDX=0x00007fd54502b080 is an unknown value
RSP=0x00007fff5a6ba460 is pointing into the stack for thread: 0x00007fd54580c000
RBP=0x00007fff5a6ba470 is pointing into the stack for thread: 0x00007fd54580c000
RSI=0x0000790000007900 is an unknown value
RDI=0x0000000000000000 is an unknown value
R8 =0x00007fff5a6ba3f0 is pointing into the stack for thread: 0x00007fd54580c000
R9 =0x0000000000000002 is an unknown value
R10=0x0000000000000030 is an unknown value
R11=0x0000000000000206 is an unknown value
R12=0x0000000000006117 is an unknown value
R13=0x00007fd542d91870 is an unknown value
R14=0x0000000000000000 is an unknown value
R15=0x0000000000000000 is an unknown value


Stack: [0x00007fff59ec1000,0x00007fff5a6c1000],  sp=0x00007fff5a6ba460,  free space=8165k
Native frames: (J=compiled Java code, j=interpreted, Vv=VM code, C=native code)
C  [CoreFoundation+0x270d9]  CFDataGetBytePtr+0x19
C  [CoreGraphics+0x5bc53]  CGSShapeWindow+0xa9
C  [CoreGraphics+0x5bb9c]  CGSSetWindowShapeWithWeighting+0x18
C  [AppKit+0xd43cb]  _NXPlaceWindow+0xa2
C  [AppKit+0xd3a89]  -[NSWindow _setFrame:updateBorderViewSize:]+0x380
C  [AppKit+0xd312c]  -[NSWindow _oldPlaceWindow:]+0x45e
C  [AppKit+0xd251d]  -[NSWindow _setFrameCommon:display:stashSize:]+0xa02
C  [AppKit+0x18f895]  -[NSWindow setFrame:display:animate:]+0x93
C  [libglass.dylib+0x272d5]  -[GlassWindow(Java) _setFlipFrame:display:animate:]+0xa5
C  [libglass.dylib+0x26ec4]  -[GlassWindow(Java) _setWindowFrameWithRect:withDisplay:withAnimate:]+0x84
C  [libglass.dylib+0x270f0]  -[GlassWindow(Java) _setBounds:y:xSet:ySet:w:h:cw:ch:]+0x220
C  [libglass.dylib+0x2aa4d]  Java_com_sun_glass_ui_mac_MacWindow__1setBounds+0x1ad
j  com.sun.glass.ui.mac.MacWindow._setBounds(JIIZZIIIIFF)V+0
j  com.sun.glass.ui.Window.setBounds(IIZZIIIIFF)V+29
j  com.sun.javafx.tk.quantum.WindowStage.setBounds(FFZZFFFFFF)V+39
j  javafx.stage.Window$TKBoundsConfigurator.apply()V+110
j  javafx.stage.Window.applyBounds()V+4
j  javafx.stage.Window.adjustSize(Z)V+198
j  javafx.stage.Window.access$400(Ljavafx/stage/Window;Z)V+2
j  javafx.stage.Window$9.invalidated()V+281
j  javafx.beans.property.BooleanPropertyBase.markInvalid()V+13
j  javafx.beans.property.BooleanPropertyBase.set(Z)V+31
j  javafx.stage.Window.setShowing(Z)V+11
j  javafx.stage.Window.show()V+2
j  javafx.stage.Stage.show()V+1
j  TruDisp.TruDisp.start(Ljavafx/stage/Stage;)V+33
j  com.sun.javafx.application.LauncherImpl$8.run()V+26
j  com.sun.javafx.application.PlatformImpl$7.run()V+4
j  com.sun.javafx.application.PlatformImpl$6$1.run()Ljava/lang/Void;+7
j  com.sun.javafx.application.PlatformImpl$6$1.run()Ljava/lang/Object;+1
v  ~StubRoutines::call_stub
V  [libjvm.dylib+0x2c54fa]
V  [libjvm.dylib+0x31ac86]
j  java.security.AccessController.doPrivileged(Ljava/security/PrivilegedAction;Ljava/security/AccessControlContext;)Ljava/lang/Object;+0
j  com.sun.javafx.application.PlatformImpl$6.run()V+12
j  com.sun.glass.ui.InvokeLaterDispatcher$Future.run()V+4
v  ~StubRoutines::call_stub
V  [libjvm.dylib+0x2c54fa]
V  [libjvm.dylib+0x2fa364]
V  [libjvm.dylib+0x2ecff8]
C  [libglass.dylib+0xaaa3]  -[GlassRunnable run]+0xa3
C  [Foundation+0x92d00]  __NSThreadPerformPerform+0x125
C  [CoreFoundation+0x80a01]  __CFRUNLOOP_IS_CALLING_OUT_TO_A_SOURCE0_PERFORM_FUNCTION__+0x11
C  [CoreFoundation+0x72b8d]  __CFRunLoopDoSources0+0x10d
C  [CoreFoundation+0x721bf]  __CFRunLoopRun+0x39f
C  [CoreFoundation+0x71bd8]  CFRunLoopRunSpecific+0x128
C  [HIToolbox+0x3256f]  RunCurrentEventLoopInMode+0xeb
C  [HIToolbox+0x322ea]  ReceiveNextEventCommon+0x1af
C  [HIToolbox+0x3212b]  _BlockUntilNextEventMatchingListInModeWithFilter+0x47
C  [AppKit+0x918ab]  _DPSNextEvent+0x3d2
C  [AppKit+0x90e58]  -[NSApplication nextEventMatchingMask:untilDate:inMode:dequeue:]+0x15a
C  [AppKit+0x86af3]  -[NSApplication run]+0x252
C  [libglass.dylib+0xbfb5]  -[GlassApplication runLoop:]+0x6a5
C  [Foundation+0x92d00]  __NSThreadPerformPerform+0x125
C  [CoreFoundation+0x80a01]  __CFRUNLOOP_IS_CALLING_OUT_TO_A_SOURCE0_PERFORM_FUNCTION__+0x11
C  [CoreFoundation+0x72b8d]  __CFRunLoopDoSources0+0x10d
C  [CoreFoundation+0x721bf]  __CFRunLoopRun+0x39f
C  [CoreFoundation+0x71bd8]  CFRunLoopRunSpecific+0x128
C  [java+0x56db]  CreateExecutionEnvironment+0x367
C  [java+0x167c]  JLI_Launch+0x7a0
C  [java+0x7699]  main+0x65
C  [java+0xed4]  start+0x34

Java frames: (J=compiled Java code, j=interpreted, Vv=VM code)
j  com.sun.glass.ui.mac.MacWindow._setBounds(JIIZZIIIIFF)V+0
j  com.sun.glass.ui.Window.setBounds(IIZZIIIIFF)V+29
j  com.sun.javafx.tk.quantum.WindowStage.setBounds(FFZZFFFFFF)V+39
j  javafx.stage.Window$TKBoundsConfigurator.apply()V+110
j  javafx.stage.Window.applyBounds()V+4
j  javafx.stage.Window.adjustSize(Z)V+198
j  javafx.stage.Window.access$400(Ljavafx/stage/Window;Z)V+2
j  javafx.stage.Window$9.invalidated()V+281
j  javafx.beans.property.BooleanPropertyBase.markInvalid()V+13
j  javafx.beans.property.BooleanPropertyBase.set(Z)V+31
j  javafx.stage.Window.setShowing(Z)V+11
j  javafx.stage.Window.show()V+2
j  javafx.stage.Stage.show()V+1
j  TruDisp.TruDisp.start(Ljavafx/stage/Stage;)V+33
j  com.sun.javafx.application.LauncherImpl$8.run()V+26
j  com.sun.javafx.application.PlatformImpl$7.run()V+4
j  com.sun.javafx.application.PlatformImpl$6$1.run()Ljava/lang/Void;+7
j  com.sun.javafx.application.PlatformImpl$6$1.run()Ljava/lang/Object;+1
v  ~StubRoutines::call_stub
j  java.security.AccessController.doPrivileged(Ljava/security/PrivilegedAction;Ljava/security/AccessControlContext;)Ljava/lang/Object;+0
j  com.sun.javafx.application.PlatformImpl$6.run()V+12
j  com.sun.glass.ui.InvokeLaterDispatcher$Future.run()V+4
v  ~StubRoutines::call_stub

---------------  P R O C E S S  ---------------

Java Threads: ( => current thread )
  0x00007fd543177000 JavaThread "Prism Font Disposer" daemon [_thread_blocked, id=52771, stack(0x0000000125aee000,0x0000000125bee000)]
  0x00007fd5430e8000 JavaThread "Thread-4" daemon [_thread_in_native, id=39431, stack(0x0000000123f2d000,0x0000000123fad000)]
=>0x00007fd54580c000 JavaThread "JavaFX Application Thread" [_thread_in_native, id=1299, stack(0x00007fff59ec1000,0x00007fff5a6c1000)]
  0x00007fd546891800 JavaThread "Thread-2" daemon [_thread_blocked, id=28435, stack(0x000000012145f000,0x000000012155f000)]
  0x00007fd54387f800 JavaThread "QuantumRenderer-0" daemon [_thread_blocked, id=22787, stack(0x0000000120c03000,0x0000000120d03000)]
  0x00007fd54400d000 JavaThread "JavaFX-Launcher" [_thread_blocked, id=22275, stack(0x0000000120b00000,0x0000000120c00000)]
  0x00007fd546843800 JavaThread "Monitor Ctrl-Break" daemon [_thread_in_native, id=21763, stack(0x00000001208f9000,0x00000001209f9000)]
  0x00007fd54386b800 JavaThread "Service Thread" daemon [_thread_blocked, id=20739, stack(0x00000001205a6000,0x00000001206a6000)]
  0x00007fd54680c000 JavaThread "C1 CompilerThread3" daemon [_thread_blocked, id=20227, stack(0x00000001204a3000,0x00000001205a3000)]
  0x00007fd54680b800 JavaThread "C2 CompilerThread2" daemon [_thread_blocked, id=19715, stack(0x00000001203a0000,0x00000001204a0000)]
  0x00007fd54680a800 JavaThread "C2 CompilerThread1" daemon [_thread_blocked, id=19203, stack(0x000000012029d000,0x000000012039d000)]
  0x00007fd546804000 JavaThread "C2 CompilerThread0" daemon [_thread_blocked, id=18691, stack(0x000000012019a000,0x000000012029a000)]
  0x00007fd543019800 JavaThread "Signal Dispatcher" daemon [_thread_blocked, id=15383, stack(0x0000000120097000,0x0000000120197000)]
  0x00007fd546000000 JavaThread "Finalizer" daemon [_thread_blocked, id=13571, stack(0x000000011e66c000,0x000000011e76c000)]
  0x00007fd543863800 JavaThread "Reference Handler" daemon [_thread_blocked, id=13059, stack(0x000000011e569000,0x000000011e669000)]
  0x00007fd543800800 JavaThread "main" [_thread_blocked, id=4867, stack(0x0000000105655000,0x0000000105755000)]

Other Threads:
  0x00007fd54385f000 VMThread [stack: 0x000000011e466000,0x000000011e566000] [id=12547]
  0x00007fd543840000 WatcherThread [stack: 0x00000001206a9000,0x00000001207a9000] [id=21251]

VM state:not at safepoint (normal execution)

VM Mutex/Monitor currently owned by a thread: None

Heap:
 PSYoungGen      total 9216K, used 6504K [0x0000000795580000, 0x0000000796600000, 0x00000007c0000000)
  eden space 7168K, 62% used [0x0000000795580000,0x00000007959da198,0x0000000795c80000)
  from space 2048K, 100% used [0x0000000795c80000,0x0000000795e80000,0x0000000795e80000)
  to   space 2560K, 0% used [0x0000000796380000,0x0000000796380000,0x0000000796600000)
 ParOldGen       total 129536K, used 1784K [0x0000000740000000, 0x0000000747e80000, 0x0000000795580000)
  object space 129536K, 1% used [0x0000000740000000,0x00000007401be070,0x0000000747e80000)
 Metaspace       used 13123K, capacity 13224K, committed 13440K, reserved 1060864K
  class space    used 2084K, capacity 2134K, committed 2176K, reserved 1048576K

Card table byte_map: [0x0000000116a7f000,0x0000000116e80000] byte_map_base: 0x000000011307f000

Marking Bits: (ParMarkBitMap*) 0x00000001070660a0
 Begin Bits: [0x0000000117943000, 0x0000000119943000)
 End Bits:   [0x0000000119943000, 0x000000011b943000)

Polling page: 0x0000000105799000

CodeCache: size=245760Kb used=3280Kb max_used=3280Kb free=242479Kb
 bounds [0x00000001076bf000, 0x00000001079ff000, 0x00000001166bf000]
 total_blobs=1402 nmethods=862 adapters=456
 compilation: enabled

Compilation events (10 events):
Event: 1.080 Thread 0x00007fd54680c000  860       3       javafx.scene.Parent::requestParentLayout (28 bytes)
Event: 1.081 Thread 0x00007fd54680c000 nmethod 860 0x00000001079f3950 code [0x00000001079f3b00, 0x00000001079f4178]
Event: 1.081 Thread 0x00007fd54680c000  857       3       javafx.beans.binding.BooleanExpression::getValue (8 bytes)
Event: 1.081 Thread 0x00007fd54680c000 nmethod 857 0x00000001079f4350 code [0x00000001079f44c0, 0x00000001079f4788]
Event: 1.081 Thread 0x00007fd54680c000  862       3       javafx.scene.layout.Region::impl_notifyLayoutBoundsChanged (1 bytes)
Event: 1.081 Thread 0x00007fd54680c000 nmethod 862 0x00000001079f4850 code [0x00000001079f49a0, 0x00000001079f4af0]
Event: 1.081 Thread 0x00007fd54680c000  861       1       javafx.scene.Node::layoutBoundsProperty (5 bytes)
Event: 1.081 Thread 0x00007fd54680c000 nmethod 861 0x00000001079f4b90 code [0x00000001079f4ce0, 0x00000001079f4df0]
Event: 1.081 Thread 0x00007fd54680c000  863       1       javafx.scene.Node$LazyBoundsProperty::access$1700 (5 bytes)
Event: 1.081 Thread 0x00007fd54680c000 nmethod 863 0x00000001079f4e50 code [0x00000001079f4fa0, 0x00000001079f5090]

GC Heap History (10 events):
Event: 0.318 GC heap before
{Heap before GC invocations=5 (full 0):
 PSYoungGen      total 2560K, used 2455K [0x0000000795580000, 0x0000000795880000, 0x00000007c0000000)
  eden space 2048K, 95% used [0x0000000795580000,0x0000000795769ed8,0x0000000795780000)
  from space 512K, 96% used [0x0000000795800000,0x000000079587c010,0x0000000795880000)
  to   space 512K, 0% used [0x0000000795780000,0x0000000795780000,0x0000000795800000)
 ParOldGen       total 129536K, used 368K [0x0000000740000000, 0x0000000747e80000, 0x0000000795580000)
  object space 129536K, 0% used [0x0000000740000000,0x000000074005c000,0x0000000747e80000)
 Metaspace       used 5107K, capacity 6144K, committed 6272K, reserved 1056768K
  class space    used 544K, capacity 552K, committed 640K, reserved 1048576K
Event: 0.318 GC heap after
Heap after GC invocations=5 (full 0):
 PSYoungGen      total 2560K, used 496K [0x0000000795580000, 0x0000000795b80000, 0x00000007c0000000)
  eden space 2048K, 0% used [0x0000000795580000,0x0000000795580000,0x0000000795780000)
  from space 512K, 96% used [0x0000000795780000,0x00000007957fc010,0x0000000795800000)
  to   space 1024K, 0% used [0x0000000795a80000,0x0000000795a80000,0x0000000795b80000)
 ParOldGen       total 129536K, used 560K [0x0000000740000000, 0x0000000747e80000, 0x0000000795580000)
  object space 129536K, 0% used [0x0000000740000000,0x000000074008c010,0x0000000747e80000)
 Metaspace       used 5107K, capacity 6144K, committed 6272K, reserved 1056768K
  class space    used 544K, capacity 552K, committed 640K, reserved 1048576K
}
Event: 0.386 GC heap before
{Heap before GC invocations=6 (full 0):
 PSYoungGen      total 2560K, used 2544K [0x0000000795580000, 0x0000000795b80000, 0x00000007c0000000)
  eden space 2048K, 100% used [0x0000000795580000,0x0000000795780000,0x0000000795780000)
  from space 512K, 96% used [0x0000000795780000,0x00000007957fc010,0x0000000795800000)
  to   space 1024K, 0% used [0x0000000795a80000,0x0000000795a80000,0x0000000795b80000)
 ParOldGen       total 129536K, used 560K [0x0000000740000000, 0x0000000747e80000, 0x0000000795580000)
  object space 129536K, 0% used [0x0000000740000000,0x000000074008c010,0x0000000747e80000)
 Metaspace       used 5772K, capacity 6754K, committed 6912K, reserved 1056768K
  class space    used 697K, capacity 714K, committed 768K, reserved 1048576K
Event: 0.387 GC heap after
Heap after GC invocations=6 (full 0):
 PSYoungGen      total 4608K, used 1008K [0x0000000795580000, 0x0000000795c80000, 0x00000007c0000000)
  eden space 3584K, 0% used [0x0000000795580000,0x0000000795580000,0x0000000795900000)
  from space 1024K, 98% used [0x0000000795a80000,0x0000000795b7c020,0x0000000795b80000)
  to   space 1536K, 0% used [0x0000000795900000,0x0000000795900000,0x0000000795a80000)
 ParOldGen       total 129536K, used 624K [0x0000000740000000, 0x0000000747e80000, 0x0000000795580000)
  object space 129536K, 0% used [0x0000000740000000,0x000000074009c010,0x0000000747e80000)
 Metaspace       used 5772K, capacity 6754K, committed 6912K, reserved 1056768K
  class space    used 697K, capacity 714K, committed 768K, reserved 1048576K
}
Event: 0.466 GC heap before
{Heap before GC invocations=7 (full 0):
 PSYoungGen      total 4608K, used 4592K [0x0000000795580000, 0x0000000795c80000, 0x00000007c0000000)
  eden space 3584K, 100% used [0x0000000795580000,0x0000000795900000,0x0000000795900000)
  from space 1024K, 98% used [0x0000000795a80000,0x0000000795b7c020,0x0000000795b80000)
  to   space 1536K, 0% used [0x0000000795900000,0x0000000795900000,0x0000000795a80000)
 ParOldGen       total 129536K, used 624K [0x0000000740000000, 0x0000000747e80000, 0x0000000795580000)
  object space 129536K, 0% used [0x0000000740000000,0x000000074009c010,0x0000000747e80000)
 Metaspace       used 7217K, capacity 7784K, committed 7936K, reserved 1056768K
  class space    used 906K, capacity 912K, committed 1024K, reserved 1048576K
Event: 0.468 GC heap after
Heap after GC invocations=7 (full 0):
 PSYoungGen      total 5120K, used 1504K [0x0000000795580000, 0x0000000796080000, 0x00000007c0000000)
  eden space 3584K, 0% used [0x0000000795580000,0x0000000795580000,0x0000000795900000)
  from space 1536K, 97% used [0x0000000795900000,0x0000000795a78010,0x0000000795a80000)
  to   space 2048K, 0% used [0x0000000795e80000,0x0000000795e80000,0x0000000796080000)
 ParOldGen       total 129536K, used 960K [0x0000000740000000, 0x0000000747e80000, 0x0000000795580000)
  object space 129536K, 0% used [0x0000000740000000,0x00000007400f0060,0x0000000747e80000)
 Metaspace       used 7217K, capacity 7784K, committed 7936K, reserved 1056768K
  class space    used 906K, capacity 912K, committed 1024K, reserved 1048576K
}
Event: 0.558 GC heap before
{Heap before GC invocations=8 (full 0):
 PSYoungGen      total 5120K, used 5088K [0x0000000795580000, 0x0000000796080000, 0x00000007c0000000)
  eden space 3584K, 100% used [0x0000000795580000,0x0000000795900000,0x0000000795900000)
  from space 1536K, 97% used [0x0000000795900000,0x0000000795a78010,0x0000000795a80000)
  to   space 2048K, 0% used [0x0000000795e80000,0x0000000795e80000,0x0000000796080000)
 ParOldGen       total 129536K, used 960K [0x0000000740000000, 0x0000000747e80000, 0x0000000795580000)
  object space 129536K, 0% used [0x0000000740000000,0x00000007400f0060,0x0000000747e80000)
 Metaspace       used 9016K, capacity 9164K, committed 9344K, reserved 1056768K
  class space    used 1269K, capacity 1298K, committed 1408K, reserved 1048576K
Event: 0.560 GC heap after
Heap after GC invocations=8 (full 0):
 PSYoungGen      total 9216K, used 1760K [0x0000000795580000, 0x0000000796080000, 0x00000007c0000000)
  eden space 7168K, 0% used [0x0000000795580000,0x0000000795580000,0x0000000795c80000)
  from space 2048K, 85% used [0x0000000795e80000,0x0000000796038010,0x0000000796080000)
  to   space 2048K, 0% used [0x0000000795c80000,0x0000000795c80000,0x0000000795e80000)
 ParOldGen       total 129536K, used 1128K [0x0000000740000000, 0x0000000747e80000, 0x0000000795580000)
  object space 129536K, 0% used [0x0000000740000000,0x000000074011a060,0x0000000747e80000)
 Metaspace       used 9016K, capacity 9164K, committed 9344K, reserved 1056768K
  class space    used 1269K, capacity 1298K, committed 1408K, reserved 1048576K
}
Event: 0.941 GC heap before
{Heap before GC invocations=9 (full 0):
 PSYoungGen      total 9216K, used 8928K [0x0000000795580000, 0x0000000796080000, 0x00000007c0000000)
  eden space 7168K, 100% used [0x0000000795580000,0x0000000795c80000,0x0000000795c80000)
  from space 2048K, 85% used [0x0000000795e80000,0x0000000796038010,0x0000000796080000)
  to   space 2048K, 0% used [0x0000000795c80000,0x0000000795c80000,0x0000000795e80000)
 ParOldGen       total 129536K, used 1128K [0x0000000740000000, 0x0000000747e80000, 0x0000000795580000)
  object space 129536K, 0% used [0x0000000740000000,0x000000074011a060,0x0000000747e80000)
 Metaspace       used 11593K, capacity 11688K, committed 11904K, reserved 1058816K
  class space    used 1775K, capacity 1814K, committed 1920K, reserved 1048576K
Event: 0.944 GC heap after
Heap after GC invocations=9 (full 0):
 PSYoungGen      total 9216K, used 2048K [0x0000000795580000, 0x0000000796600000, 0x00000007c0000000)
  eden space 7168K, 0% used [0x0000000795580000,0x0000000795580000,0x0000000795c80000)
  from space 2048K, 100% used [0x0000000795c80000,0x0000000795e80000,0x0000000795e80000)
  to   space 2560K, 0% used [0x0000000796380000,0x0000000796380000,0x0000000796600000)
 ParOldGen       total 129536K, used 1784K [0x0000000740000000, 0x0000000747e80000, 0x0000000795580000)
  object space 129536K, 1% used [0x0000000740000000,0x00000007401be070,0x0000000747e80000)
 Metaspace       used 11593K, capacity 11688K, committed 11904K, reserved 1058816K
  class space    used 1775K, capacity 1814K, committed 1920K, reserved 1048576K
}

Deoptimization events (10 events):
Event: 0.433 Thread 0x00007fd54580c000 Uncommon trap: reason=unreached action=reinterpret pc=0x00000001078b23f8 method=java.util.HashMap.getNode(ILjava/lang/Object;)Ljava/util/HashMap$Node; @ 84
Event: 0.687 Thread 0x00007fd54580c000 Uncommon trap: reason=class_check action=maybe_recompile pc=0x00000001078add90 method=java.io.DataInputStream.readShort()S @ 4
Event: 0.687 Thread 0x00007fd54580c000 Uncommon trap: reason=class_check action=maybe_recompile pc=0x00000001078add90 method=java.io.DataInputStream.readShort()S @ 4
Event: 0.688 Thread 0x00007fd54580c000 Uncommon trap: reason=class_check action=maybe_recompile pc=0x00000001078add90 method=java.io.DataInputStream.readShort()S @ 4
Event: 0.688 Thread 0x00007fd54580c000 Uncommon trap: reason=class_check action=maybe_recompile pc=0x00000001078add90 method=java.io.DataInputStream.readShort()S @ 4
Event: 0.693 Thread 0x00007fd54580c000 Uncommon trap: reason=class_check action=maybe_recompile pc=0x00000001077f47f8 method=java.lang.String.equals(Ljava/lang/Object;)Z @ 8
Event: 0.693 Thread 0x00007fd54580c000 Uncommon trap: reason=class_check action=maybe_recompile pc=0x00000001077f47f8 method=java.lang.String.equals(Ljava/lang/Object;)Z @ 8
Event: 0.696 Thread 0x00007fd54580c000 Uncommon trap: reason=class_check action=maybe_recompile pc=0x00000001077f47f8 method=java.lang.String.equals(Ljava/lang/Object;)Z @ 8
Event: 0.696 Thread 0x00007fd54580c000 Uncommon trap: reason=class_check action=maybe_recompile pc=0x00000001077f47f8 method=java.lang.String.equals(Ljava/lang/Object;)Z @ 8
Event: 0.936 Thread 0x00007fd54580c000 Uncommon trap: reason=unloaded action=reinterpret pc=0x0000000107881718 method=java.lang.CharacterData.of(I)Ljava/lang/CharacterData; @ 96

Internal exceptions (10 events):
Event: 0.466 Thread 0x00007fd54580c000 Exception <a 'java/lang/ClassNotFoundException': java/lang/Null> (0x00000007958ff918) thrown at [/HUDSON/workspace/8-2-build-macosx-x86_64/jdk8/2238/hotspot/src/share/vm/classfile/systemDictionary.cpp, line 202]
Event: 0.479 Thread 0x00007fd54580c000 Exception <a 'java/lang/NoSuchFieldError': method resolution failed> (0x00000007955d5850) thrown at [/HUDSON/workspace/8-2-build-macosx-x86_64/jdk8/2238/hotspot/src/share/vm/prims/methodHandles.cpp, line 1159]
Event: 0.480 Thread 0x00007fd54580c000 Exception <a 'java/lang/NoSuchFieldError': method resolution failed> (0x00000007955e4a28) thrown at [/HUDSON/workspace/8-2-build-macosx-x86_64/jdk8/2238/hotspot/src/share/vm/prims/methodHandles.cpp, line 1159]
Event: 0.481 Thread 0x00007fd54580c000 Exception <a 'java/lang/NoSuchFieldError': method resolution failed> (0x00000007955e7b88) thrown at [/HUDSON/workspace/8-2-build-macosx-x86_64/jdk8/2238/hotspot/src/share/vm/prims/methodHandles.cpp, line 1159]
Event: 0.580 Thread 0x00007fd54580c000 Exception <a 'java/security/PrivilegedActionException'> (0x0000000795643598) thrown at [/HUDSON/workspace/8-2-build-macosx-x86_64/jdk8/2238/hotspot/src/share/vm/prims/jvm.cpp, line 1248]
Event: 0.581 Thread 0x00007fd54580c000 Exception <a 'java/security/PrivilegedActionException'> (0x000000079565ab58) thrown at [/HUDSON/workspace/8-2-build-macosx-x86_64/jdk8/2238/hotspot/src/share/vm/prims/jvm.cpp, line 1248]
Event: 0.582 Thread 0x00007fd54580c000 Exception <a 'java/security/PrivilegedActionException'> (0x0000000795672330) thrown at [/HUDSON/workspace/8-2-build-macosx-x86_64/jdk8/2238/hotspot/src/share/vm/prims/jvm.cpp, line 1248]
Event: 0.978 Thread 0x00007fd54580c000 Exception <a 'java/security/PrivilegedActionException'> (0x0000000795695ec8) thrown at [/HUDSON/workspace/8-2-build-macosx-x86_64/jdk8/2238/hotspot/src/share/vm/prims/jvm.cpp, line 1248]
Event: 0.979 Thread 0x00007fd54580c000 Exception <a 'java/security/PrivilegedActionException'> (0x00000007956ab768) thrown at [/HUDSON/workspace/8-2-build-macosx-x86_64/jdk8/2238/hotspot/src/share/vm/prims/jvm.cpp, line 1248]
Event: 0.980 Thread 0x00007fd54580c000 Exception <a 'java/security/PrivilegedActionException'> (0x00000007956c12c0) thrown at [/HUDSON/workspace/8-2-build-macosx-x86_64/jdk8/2238/hotspot/src/share/vm/prims/jvm.cpp, line 1248]

Events (10 events):
Event: 1.075 loading class com/sun/javafx/scene/control/skin/CellSkinBase$StyleableProperties
Event: 1.075 loading class com/sun/javafx/scene/control/skin/CellSkinBase$StyleableProperties done
Event: 1.075 loading class com/sun/javafx/scene/control/skin/CellSkinBase$StyleableProperties$1
Event: 1.075 loading class com/sun/javafx/scene/control/skin/CellSkinBase$StyleableProperties$1 done
Event: 1.076 loading class com/sun/javafx/font/PrismFontUtils
Event: 1.076 loading class com/sun/javafx/font/PrismFontUtils done
Event: 1.077 loading class com/sun/javafx/tk/FontMetrics
Event: 1.077 loading class com/sun/javafx/tk/FontMetrics done
Event: 1.079 loading class javafx/scene/text/Text$TextAttribute$6$1
Event: 1.079 loading class javafx/scene/text/Text$TextAttribute$6$1 done


Dynamic libraries:
0x0000000004358000 	/System/Library/Frameworks/Cocoa.framework/Versions/A/Cocoa
0x0000000004358000 	/System/Library/Frameworks/Security.framework/Versions/A/Security
0x0000000004358000 	/System/Library/Frameworks/ApplicationServices.framework/Versions/A/ApplicationServices
0x0000000004358000 	/usr/lib/libz.1.dylib
0x0000000004358000 	/usr/lib/libSystem.B.dylib
0x0000000004358000 	/usr/lib/libobjc.A.dylib
0x0000000004358000 	/System/Library/Frameworks/CoreFoundation.framework/Versions/A/CoreFoundation
0x0000000004358000 	/System/Library/Frameworks/Foundation.framework/Versions/C/Foundation
0x0000000004358000 	/System/Library/Frameworks/AppKit.framework/Versions/C/AppKit
0x0000000004358000 	/System/Library/Frameworks/CoreData.framework/Versions/A/CoreData
0x0000000004358000 	/System/Library/PrivateFrameworks/RemoteViewServices.framework/Versions/A/RemoteViewServices
0x0000000004358000 	/System/Library/PrivateFrameworks/UIFoundation.framework/Versions/A/UIFoundation
0x0000000004358000 	/System/Library/Frameworks/IOSurface.framework/Versions/A/IOSurface
0x0000000004358000 	/System/Library/Frameworks/AudioToolbox.framework/Versions/A/AudioToolbox
0x0000000004358000 	/System/Library/Frameworks/AudioUnit.framework/Versions/A/AudioUnit
0x0000000004358000 	/System/Library/PrivateFrameworks/DataDetectorsCore.framework/Versions/A/DataDetectorsCore
0x0000000004358000 	/System/Library/PrivateFrameworks/DesktopServicesPriv.framework/Versions/A/DesktopServicesPriv
0x0000000004358000 	/System/Library/Frameworks/Carbon.framework/Versions/A/Frameworks/HIToolbox.framework/Versions/A/HIToolbox
0x0000000004358000 	/System/Library/Frameworks/QuartzCore.framework/Versions/A/QuartzCore
0x0000000004358000 	/System/Library/Frameworks/Carbon.framework/Versions/A/Frameworks/SpeechRecognition.framework/Versions/A/SpeechRecognition
0x0000000004358000 	/usr/lib/libauto.dylib
0x0000000004358000 	/usr/lib/libicucore.A.dylib
0x0000000004358000 	/usr/lib/libxml2.2.dylib
0x0000000004358000 	/System/Library/PrivateFrameworks/CoreUI.framework/Versions/A/CoreUI
0x0000000004358000 	/System/Library/Frameworks/CoreAudio.framework/Versions/A/CoreAudio
0x0000000004358000 	/System/Library/Frameworks/DiskArbitration.framework/Versions/A/DiskArbitration
0x0000000004358000 	/usr/lib/liblangid.dylib
0x0000000004358000 	/System/Library/PrivateFrameworks/MultitouchSupport.framework/Versions/A/MultitouchSupport
0x0000000004358000 	/System/Library/Frameworks/IOKit.framework/Versions/A/IOKit
0x0000000004358000 	/usr/lib/libDiagnosticMessagesClient.dylib
0x0000000004358000 	/System/Library/Frameworks/CoreServices.framework/Versions/A/CoreServices
0x0000000004358000 	/System/Library/PrivateFrameworks/PerformanceAnalysis.framework/Versions/A/PerformanceAnalysis
0x0000000004358000 	/System/Library/PrivateFrameworks/GenerationalStorage.framework/Versions/A/GenerationalStorage
0x0000000004358000 	/System/Library/Frameworks/OpenGL.framework/Versions/A/OpenGL
0x0000000004358000 	/System/Library/PrivateFrameworks/Sharing.framework/Versions/A/Sharing
0x0000000004358000 	/System/Library/Frameworks/CoreGraphics.framework/Versions/A/CoreGraphics
0x0000000004358000 	/System/Library/Frameworks/CoreText.framework/Versions/A/CoreText
0x0000000004358000 	/System/Library/Frameworks/ImageIO.framework/Versions/A/ImageIO
0x0000000004358000 	/usr/lib/libextension.dylib
0x0000000004358000 	/System/Library/PrivateFrameworks/Backup.framework/Versions/A/Backup
0x0000000004358000 	/usr/lib/libarchive.2.dylib
0x0000000004358000 	/System/Library/Frameworks/CFNetwork.framework/Versions/A/CFNetwork
0x0000000004358000 	/System/Library/Frameworks/SystemConfiguration.framework/Versions/A/SystemConfiguration
0x0000000004358000 	/usr/lib/libCRFSuite.dylib
0x0000000004358000 	/usr/lib/libc++.1.dylib
0x0000000004358000 	/usr/lib/libc++abi.dylib
0x0000000004358000 	/usr/lib/system/libcache.dylib
0x0000000004358000 	/usr/lib/system/libcommonCrypto.dylib
0x0000000004358000 	/usr/lib/system/libcompiler_rt.dylib
0x0000000004358000 	/usr/lib/system/libcopyfile.dylib
0x0000000004358000 	/usr/lib/system/libcorecrypto.dylib
0x0000000004358000 	/usr/lib/system/libdispatch.dylib
0x0000000004358000 	/usr/lib/system/libdyld.dylib
0x0000000004358000 	/usr/lib/system/libkeymgr.dylib
0x0000000004358000 	/usr/lib/system/liblaunch.dylib
0x0000000004358000 	/usr/lib/system/libmacho.dylib
0x0000000004358000 	/usr/lib/system/libquarantine.dylib
0x0000000004358000 	/usr/lib/system/libremovefile.dylib
0x0000000004358000 	/usr/lib/system/libsystem_asl.dylib
0x0000000004358000 	/usr/lib/system/libsystem_blocks.dylib
0x0000000004358000 	/usr/lib/system/libsystem_c.dylib
0x0000000004358000 	/usr/lib/system/libsystem_configuration.dylib
0x0000000004358000 	/usr/lib/system/libsystem_coreservices.dylib
0x0000000004358000 	/usr/lib/system/libsystem_coretls.dylib
0x0000000004358000 	/usr/lib/system/libsystem_dnssd.dylib
0x0000000004358000 	/usr/lib/system/libsystem_info.dylib
0x0000000004358000 	/usr/lib/system/libsystem_kernel.dylib
0x0000000004358000 	/usr/lib/system/libsystem_m.dylib
0x0000000004358000 	/usr/lib/system/libsystem_malloc.dylib
0x0000000004358000 	/usr/lib/system/libsystem_network.dylib
0x0000000004358000 	/usr/lib/system/libsystem_networkextension.dylib
0x0000000004358000 	/usr/lib/system/libsystem_notify.dylib
0x0000000004358000 	/usr/lib/system/libsystem_platform.dylib
0x0000000004358000 	/usr/lib/system/libsystem_pthread.dylib
0x0000000004358000 	/usr/lib/system/libsystem_sandbox.dylib
0x0000000004358000 	/usr/lib/system/libsystem_secinit.dylib
0x0000000004358000 	/usr/lib/system/libsystem_stats.dylib
0x0000000004358000 	/usr/lib/system/libsystem_trace.dylib
0x0000000004358000 	/usr/lib/system/libunc.dylib
0x0000000004358000 	/usr/lib/system/libunwind.dylib
0x0000000004358000 	/usr/lib/system/libxpc.dylib
0x0000000004358000 	/usr/lib/libbz2.1.0.dylib
0x0000000004358000 	/usr/lib/liblzma.5.dylib
0x0000000004358000 	/usr/lib/libbsm.0.dylib
0x0000000004358000 	/usr/lib/libsqlite3.dylib
0x0000000004358000 	/usr/lib/system/libkxld.dylib
0x0000000004358000 	/usr/lib/libxar.1.dylib
0x0000000004358000 	/usr/lib/libpam.2.dylib
0x0000000004358000 	/usr/lib/libOpenScriptingUtil.dylib
0x0000000004358000 	/System/Library/Frameworks/CoreServices.framework/Versions/A/Frameworks/FSEvents.framework/Versions/A/FSEvents
0x0000000004358000 	/System/Library/Frameworks/CoreServices.framework/Versions/A/Frameworks/CarbonCore.framework/Versions/A/CarbonCore
0x0000000004358000 	/System/Library/Frameworks/CoreServices.framework/Versions/A/Frameworks/Metadata.framework/Versions/A/Metadata
0x0000000004358000 	/System/Library/Frameworks/CoreServices.framework/Versions/A/Frameworks/OSServices.framework/Versions/A/OSServices
0x0000000004358000 	/System/Library/Frameworks/CoreServices.framework/Versions/A/Frameworks/SearchKit.framework/Versions/A/SearchKit
0x0000000004358000 	/System/Library/Frameworks/CoreServices.framework/Versions/A/Frameworks/AE.framework/Versions/A/AE
0x0000000004358000 	/System/Library/Frameworks/CoreServices.framework/Versions/A/Frameworks/LaunchServices.framework/Versions/A/LaunchServices
0x0000000004358000 	/System/Library/Frameworks/CoreServices.framework/Versions/A/Frameworks/DictionaryServices.framework/Versions/A/DictionaryServices
0x0000000004358000 	/System/Library/Frameworks/NetFS.framework/Versions/A/NetFS
0x0000000004358000 	/System/Library/PrivateFrameworks/NetAuth.framework/Versions/A/NetAuth
0x0000000004358000 	/System/Library/PrivateFrameworks/login.framework/Versions/A/Frameworks/loginsupport.framework/Versions/A/loginsupport
0x0000000004358000 	/System/Library/PrivateFrameworks/TCC.framework/Versions/A/TCC
0x0000000004358000 	/usr/lib/libmecabra.dylib
0x0000000004358000 	/System/Library/Frameworks/ApplicationServices.framework/Versions/A/Frameworks/ATS.framework/Versions/A/ATS
0x0000000004358000 	/System/Library/Frameworks/ApplicationServices.framework/Versions/A/Frameworks/ColorSync.framework/Versions/A/ColorSync
0x0000000004358000 	/System/Library/Frameworks/ApplicationServices.framework/Versions/A/Frameworks/HIServices.framework/Versions/A/HIServices
0x0000000004358000 	/System/Library/Frameworks/ApplicationServices.framework/Versions/A/Frameworks/LangAnalysis.framework/Versions/A/LangAnalysis
0x0000000004358000 	/System/Library/Frameworks/ApplicationServices.framework/Versions/A/Frameworks/PrintCore.framework/Versions/A/PrintCore
0x0000000004358000 	/System/Library/Frameworks/ApplicationServices.framework/Versions/A/Frameworks/QD.framework/Versions/A/QD
0x0000000004358000 	/System/Library/Frameworks/ApplicationServices.framework/Versions/A/Frameworks/SpeechSynthesis.framework/Versions/A/SpeechSynthesis
0x0000000004358000 	/System/Library/Frameworks/Accelerate.framework/Versions/A/Accelerate
0x0000000004358000 	/System/Library/Frameworks/Accelerate.framework/Versions/A/Frameworks/vImage.framework/Versions/A/vImage
0x0000000004358000 	/System/Library/Frameworks/Accelerate.framework/Versions/A/Frameworks/vecLib.framework/Versions/A/vecLib
0x0000000004358000 	/System/Library/Frameworks/Accelerate.framework/Versions/A/Frameworks/vecLib.framework/Versions/A/libvDSP.dylib
0x0000000004358000 	/System/Library/Frameworks/Accelerate.framework/Versions/A/Frameworks/vecLib.framework/Versions/A/libvMisc.dylib
0x0000000004358000 	/System/Library/Frameworks/Accelerate.framework/Versions/A/Frameworks/vecLib.framework/Versions/A/libLAPACK.dylib
0x0000000004358000 	/System/Library/Frameworks/Accelerate.framework/Versions/A/Frameworks/vecLib.framework/Versions/A/libBLAS.dylib
0x0000000004358000 	/System/Library/Frameworks/Accelerate.framework/Versions/A/Frameworks/vecLib.framework/Versions/A/libLinearAlgebra.dylib
0x0000000004358000 	/System/Library/Frameworks/ApplicationServices.framework/Versions/A/Frameworks/ATS.framework/Versions/A/Resources/libFontParser.dylib
0x0000000004358000 	/System/Library/Frameworks/ApplicationServices.framework/Versions/A/Frameworks/ATS.framework/Versions/A/Resources/libFontRegistry.dylib
0x0000000004358000 	/System/Library/PrivateFrameworks/AppleVPA.framework/Versions/A/AppleVPA
0x0000000004358000 	/System/Library/PrivateFrameworks/AppleJPEG.framework/Versions/A/AppleJPEG
0x0000000004358000 	/System/Library/Frameworks/ImageIO.framework/Versions/A/Resources/libJPEG.dylib
0x0000000004358000 	/System/Library/Frameworks/ImageIO.framework/Versions/A/Resources/libTIFF.dylib
0x0000000004358000 	/System/Library/Frameworks/ImageIO.framework/Versions/A/Resources/libPng.dylib
0x0000000004358000 	/System/Library/Frameworks/ImageIO.framework/Versions/A/Resources/libGIF.dylib
0x0000000004358000 	/System/Library/Frameworks/ImageIO.framework/Versions/A/Resources/libJP2.dylib
0x0000000004358000 	/System/Library/Frameworks/ImageIO.framework/Versions/A/Resources/libRadiance.dylib
0x0000000004358000 	/System/Library/Frameworks/CoreVideo.framework/Versions/A/CoreVideo
0x0000000004358000 	/System/Library/Frameworks/OpenGL.framework/Versions/A/Libraries/libGLU.dylib
0x0000000004358000 	/System/Library/Frameworks/OpenGL.framework/Versions/A/Libraries/libGFXShared.dylib
0x0000000004358000 	/System/Library/Frameworks/OpenGL.framework/Versions/A/Libraries/libGL.dylib
0x0000000004358000 	/System/Library/Frameworks/OpenGL.framework/Versions/A/Libraries/libGLImage.dylib
0x0000000004358000 	/System/Library/Frameworks/OpenGL.framework/Versions/A/Libraries/libCVMSPluginSupport.dylib
0x0000000004358000 	/System/Library/Frameworks/OpenGL.framework/Versions/A/Libraries/libCoreVMClient.dylib
0x0000000004358000 	/usr/lib/libcups.2.dylib
0x0000000004358000 	/System/Library/Frameworks/Kerberos.framework/Versions/A/Kerberos
0x0000000004358000 	/System/Library/Frameworks/GSS.framework/Versions/A/GSS
0x0000000004358000 	/usr/lib/libresolv.9.dylib
0x0000000004358000 	/usr/lib/libiconv.2.dylib
0x0000000004358000 	/System/Library/PrivateFrameworks/Heimdal.framework/Versions/A/Heimdal
0x0000000004358000 	/usr/lib/libheimdal-asn1.dylib
0x0000000004358000 	/System/Library/Frameworks/OpenDirectory.framework/Versions/A/OpenDirectory
0x0000000004358000 	/System/Library/PrivateFrameworks/CommonAuth.framework/Versions/A/CommonAuth
0x0000000004358000 	/System/Library/Frameworks/OpenDirectory.framework/Versions/A/Frameworks/CFOpenDirectory.framework/Versions/A/CFOpenDirectory
0x0000000004358000 	/System/Library/Frameworks/SecurityFoundation.framework/Versions/A/SecurityFoundation
0x0000000004358000 	/System/Library/PrivateFrameworks/LanguageModeling.framework/Versions/A/LanguageModeling
0x0000000004358000 	/usr/lib/libcmph.dylib
0x0000000004358000 	/System/Library/Frameworks/ServiceManagement.framework/Versions/A/ServiceManagement
0x0000000004358000 	/usr/lib/libxslt.1.dylib
0x0000000004358000 	/System/Library/Frameworks/Carbon.framework/Versions/A/Frameworks/Ink.framework/Versions/A/Ink
0x0000000004358000 	/System/Library/Frameworks/QuartzCore.framework/Versions/A/Frameworks/CoreImage.framework/Versions/A/CoreImage
0x0000000004358000 	/System/Library/PrivateFrameworks/CrashReporterSupport.framework/Versions/A/CrashReporterSupport
0x0000000004358000 	/System/Library/Frameworks/OpenCL.framework/Versions/A/OpenCL
0x0000000004358000 	/System/Library/PrivateFrameworks/FaceCore.framework/Versions/A/FaceCore
0x0000000004358000 	/System/Library/PrivateFrameworks/Ubiquity.framework/Versions/A/Ubiquity
0x0000000004358000 	/System/Library/PrivateFrameworks/IconServices.framework/Versions/A/IconServices
0x0000000004358000 	/System/Library/PrivateFrameworks/ChunkingLibrary.framework/Versions/A/ChunkingLibrary
0x0000000004358000 	/System/Library/PrivateFrameworks/Apple80211.framework/Versions/A/Apple80211
0x0000000004358000 	/System/Library/Frameworks/CoreWLAN.framework/Versions/A/CoreWLAN
0x0000000004358000 	/System/Library/Frameworks/IOBluetooth.framework/Versions/A/IOBluetooth
0x0000000004358000 	/System/Library/PrivateFrameworks/CoreWiFi.framework/Versions/A/CoreWiFi
0x0000000004358000 	/System/Library/Frameworks/CoreBluetooth.framework/Versions/A/CoreBluetooth
0x0000000004358000 	/System/Library/PrivateFrameworks/DebugSymbols.framework/Versions/A/DebugSymbols
0x0000000004358000 	/System/Library/PrivateFrameworks/CoreSymbolication.framework/Versions/A/CoreSymbolication
0x0000000004358000 	/System/Library/PrivateFrameworks/Symbolication.framework/Versions/A/Symbolication
0x0000000004358000 	/System/Library/PrivateFrameworks/SpeechRecognitionCore.framework/Versions/A/SpeechRecognitionCore
0x0000000106800000 	/Library/Java/JavaVirtualMachines/jdk1.8.0.jdk/Contents/Home/jre/lib/server/libjvm.dylib
0x0000000004358000 	/usr/lib/libstdc++.6.dylib
0x0000000105757000 	/Library/Java/JavaVirtualMachines/jdk1.8.0.jdk/Contents/Home/jre/lib/libverify.dylib
0x0000000105765000 	/Library/Java/JavaVirtualMachines/jdk1.8.0.jdk/Contents/Home/jre/lib/libjava.dylib
0x00000001057a3000 	/Library/Java/JavaVirtualMachines/jdk1.8.0.jdk/Contents/Home/jre/lib/libzip.dylib
0x000000011e76e000 	/System/Library/Frameworks/JavaVM.framework/Frameworks/JavaRuntimeSupport.framework/JavaRuntimeSupport
0x000000011e786000 	/System/Library/Frameworks/JavaVM.framework/Versions/A/Frameworks/JavaNativeFoundation.framework/Versions/A/JavaNativeFoundation
0x000000011e79b000 	/System/Library/Frameworks/JavaVM.framework/Versions/A/JavaVM
0x0000000004358000 	/System/Library/Frameworks/Carbon.framework/Versions/A/Carbon
0x000000011e7a8000 	/System/Library/PrivateFrameworks/JavaLaunching.framework/Versions/A/JavaLaunching
0x0000000004358000 	/System/Library/Frameworks/Carbon.framework/Versions/A/Frameworks/CommonPanels.framework/Versions/A/CommonPanels
0x0000000004358000 	/System/Library/Frameworks/Carbon.framework/Versions/A/Frameworks/Help.framework/Versions/A/Help
0x0000000004358000 	/System/Library/Frameworks/Carbon.framework/Versions/A/Frameworks/ImageCapture.framework/Versions/A/ImageCapture
0x0000000004358000 	/System/Library/Frameworks/Carbon.framework/Versions/A/Frameworks/OpenScripting.framework/Versions/A/OpenScripting
0x0000000004358000 	/System/Library/Frameworks/Carbon.framework/Versions/A/Frameworks/Print.framework/Versions/A/Print
0x0000000004358000 	/System/Library/Frameworks/Carbon.framework/Versions/A/Frameworks/SecurityHI.framework/Versions/A/SecurityHI
0x00000001208f5000 	/Applications/IntelliJ IDEA 14 CE.app/Contents/bin/libbreakgen64.jnilib
0x0000000120aa1000 	/Library/Java/JavaVirtualMachines/jdk1.8.0.jdk/Contents/Home/jre/lib/libnet.dylib
0x0000000120d05000 	/Library/Java/JavaVirtualMachines/jdk1.8.0.jdk/Contents/Home/jre/lib/libprism_es2.dylib
0x0000000004358000 	/System/Library/Frameworks/OpenGL.framework/Versions/A/Resources/GLEngine.bundle/GLEngine
0x0000000004358000 	/System/Library/Frameworks/OpenGL.framework/Versions/A/Libraries/libGLProgrammability.dylib
0x0000000000000000 	/System/Library/Extensions/AppleIntelHD4000GraphicsGLDriver.bundle/Contents/MacOS/AppleIntelHD4000GraphicsGLDriver
0x0000000004358000 	/System/Library/PrivateFrameworks/IOAccelerator.framework/Versions/A/IOAccelerator
0x0000000004358000 	/System/Library/PrivateFrameworks/GPUSupport.framework/Versions/A/Libraries/libGPUSupportMercury.dylib
0x0000000000000000 	/System/Library/Extensions/GeForceGLDriver.bundle/Contents/MacOS/GeForceGLDriver
0x0000000004358000 	/System/Library/Extensions/GeForceGLDriver.bundle/Contents/MacOS/libclh.dylib
0x0000000004358000 	/System/Library/Frameworks/OpenGL.framework/Versions/A/Resources/GLRendererFloat.bundle/GLRendererFloat
0x0000000004358000 	/System/Library/Frameworks/OpenCL.framework/Versions/A/Libraries/libcldcpuengine.dylib
0x0000000004358000 	/System/Library/PrivateFrameworks/DiskImages.framework/Versions/A/DiskImages
0x0000000004358000 	/System/Library/Frameworks/DiscRecording.framework/Versions/A/DiscRecording
0x0000000004358000 	/usr/lib/libcsfde.dylib
0x0000000004358000 	/usr/lib/libcurl.4.dylib
0x0000000004358000 	/System/Library/PrivateFrameworks/MediaKit.framework/Versions/A/MediaKit
0x0000000004358000 	/System/Library/PrivateFrameworks/ProtectedCloudStorage.framework/Versions/A/ProtectedCloudStorage
0x0000000004358000 	/usr/lib/libCoreStorage.dylib
0x0000000004358000 	/System/Library/PrivateFrameworks/EFILogin.framework/Versions/A/EFILogin
0x0000000004358000 	/usr/lib/libutil.dylib
0x0000000004358000 	/System/Library/PrivateFrameworks/FindMyDevice.framework/Versions/A/FindMyDevice
0x0000000004358000 	/System/Library/Frameworks/LDAP.framework/Versions/A/LDAP
0x0000000004358000 	/usr/lib/libsasl2.2.dylib
0x0000000004358000 	/System/Library/PrivateFrameworks/CoreDaemon.framework/Versions/B/CoreDaemon
0x0000000004358000 	/usr/lib/libcrypto.0.9.8.dylib
0x0000000004358000 	/System/Library/PrivateFrameworks/AppleSRP.framework/Versions/A/AppleSRP
0x0000000004358000 	/System/Library/PrivateFrameworks/TrustEvaluationAgent.framework/Versions/A/TrustEvaluationAgent
0x00000001213f4000 	/Library/Java/JavaVirtualMachines/jdk1.8.0.jdk/Contents/Home/jre/lib/libglass.dylib
0x0000000004358000 	/System/Library/PrivateFrameworks/CoreServicesInternal.framework/Versions/A/CoreServicesInternal
0x0000000004358000 	/System/Library/PrivateFrameworks/CloudDocs.framework/Versions/A/CloudDocs
0x0000000004358000 	/System/Library/PrivateFrameworks/CoreDuet.framework/Versions/A/CoreDuet
0x0000000004358000 	/System/Library/Frameworks/CloudKit.framework/Versions/A/CloudKit
0x0000000004358000 	/System/Library/PrivateFrameworks/ProtocolBuffer.framework/Versions/A/ProtocolBuffer
0x0000000004358000 	/System/Library/PrivateFrameworks/CoreDuetDaemonProtocol.framework/Versions/A/CoreDuetDaemonProtocol
0x0000000004358000 	/System/Library/PrivateFrameworks/CoreDuetDebugLogging.framework/Versions/A/CoreDuetDebugLogging
0x0000000004358000 	/System/Library/PrivateFrameworks/MMCS.framework/Versions/A/MMCS
0x0000000004358000 	/System/Library/Frameworks/CoreLocation.framework/Versions/A/CoreLocation
0x0000000004358000 	/System/Library/PrivateFrameworks/GeoServices.framework/Versions/A/GeoServices
0x0000000004358000 	/System/Library/Frameworks/CoreGraphics.framework/Versions/A/Resources/libCGCMS.A.dylib
0x0000000004358000 	/System/Library/CoreServices/RawCamera.bundle/Contents/MacOS/RawCamera
0x0000000004358000 	/System/Library/Frameworks/CoreGraphics.framework/Versions/A/Resources/libRIP.A.dylib
0x0000000004358000 	/System/Library/PrivateFrameworks/FamilyControls.framework/Versions/A/FamilyControls
0x0000000004358000 	/System/Library/PrivateFrameworks/CommerceKit.framework/Versions/A/Frameworks/CommerceCore.framework/Versions/A/CommerceCore
0x0000000004358000 	/System/Library/PrivateFrameworks/SystemAdministration.framework/Versions/A/SystemAdministration
0x0000000004358000 	/System/Library/PrivateFrameworks/AppContainer.framework/Versions/A/AppContainer
0x0000000004358000 	/System/Library/PrivateFrameworks/SecCodeWrapper.framework/Versions/A/SecCodeWrapper
0x0000000004358000 	/System/Library/Frameworks/DirectoryService.framework/Versions/A/DirectoryService
0x0000000004358000 	/System/Library/PrivateFrameworks/LoginUIKit.framework/Versions/A/Frameworks/LoginUICore.framework/Versions/A/LoginUICore
0x0000000004358000 	/usr/lib/libodfde.dylib
0x0000000125894000 	/Library/Java/JavaVirtualMachines/jdk1.8.0.jdk/Contents/Home/jre/lib/libjavafx_font.dylib
0x0000000004358000 	/System/Library/Frameworks/CoreGraphics.framework/Versions/A/Resources/libCGXType.A.dylib

VM Arguments:
jvm_args: -Didea.launcher.port=7542 -Didea.launcher.bin.path=/Applications/IntelliJ IDEA 14 CE.app/Contents/bin -Dfile.encoding=UTF-8 
java_command: com.intellij.rt.execution.application.AppMain TruDisp.TruDisp
java_class_path (initial): /Library/Java/JavaVirtualMachines/jdk1.8.0.jdk/Contents/Home/lib/ant-javafx.jar:/Library/Java/JavaVirtualMachines/jdk1.8.0.jdk/Contents/Home/lib/dt.jar:/Library/Java/JavaVirtualMachines/jdk1.8.0.jdk/Contents/Home/lib/javafx-mx.jar:/Library/Java/JavaVirtualMachines/jdk1.8.0.jdk/Contents/Home/lib/jconsole.jar:/Library/Java/JavaVirtualMachines/jdk1.8.0.jdk/Contents/Home/lib/sa-jdi.jar:/Library/Java/JavaVirtualMachines/jdk1.8.0.jdk/Contents/Home/lib/tools.jar:/Library/Java/JavaVirtualMachines/jdk1.8.0.jdk/Contents/Home/jre/lib/charsets.jar:/Library/Java/JavaVirtualMachines/jdk1.8.0.jdk/Contents/Home/jre/lib/deploy.jar:/Library/Java/JavaVirtualMachines/jdk1.8.0.jdk/Contents/Home/jre/lib/htmlconverter.jar:/Library/Java/JavaVirtualMachines/jdk1.8.0.jdk/Contents/Home/jre/lib/javaws.jar:/Library/Java/JavaVirtualMachines/jdk1.8.0.jdk/Contents/Home/jre/lib/jce.jar:/Library/Java/JavaVirtualMachines/jdk1.8.0.jdk/Contents/Home/jre/lib/jfr.jar:/Library/Java/JavaVirtualMachines/jdk1.8.0.jdk/Contents/Home/jre/lib/jfxswt.jar:/Library/Java/JavaVirtualMachines/jdk1.8.0.jdk/Contents/Home/jre/lib/jsse.jar:/Library/Java/JavaVirtualMachines/jdk1.8.0.jdk/Contents/Home/jre/lib/management-agent.jar:/Library/Java/JavaVirtualMachines/jdk1.8.0.jdk/Contents/Home/jre/lib/plugin.jar:/Library/Java/JavaVirtualMachines/jdk1.8.0.jdk/Contents/Home/jre/lib/resources.jar:/Library/Java/JavaVirtualMachines/jdk1.8.0.jdk/Contents/Home/jre/lib/rt.jar:/Library/Java/JavaVirtualMachines/jdk1.8.0.jdk/Contents/Home/jre/lib/ext/cldrdata.jar:/Library/Java/JavaVirtualMachines/jdk1.8.0.jdk/Contents/Home/jre/lib/ext/dnsns.jar:/Library/Java/JavaVirtualMachines/jdk1.8.0.jdk/Contents/Home/jre/lib/ext/jfxrt.jar:/Library/Java/JavaVirtualMachines/jdk1.8.0.jdk/Contents/Home/jre/lib/ext/localedata.jar:/Library/Java/JavaVirtualMachines/jdk1.8.0.jdk/Contents/Home/jre/lib/ext/nashorn.jar:/Library/Java/JavaVirtualMachines/jdk1.8.0.jdk/Contents/Home/jre/lib/ext/sunec.jar:/Library/Java/JavaVirtualMachines
Launcher Type: SUN_STANDARD

Environment Variables:
PATH=/opt/local/bin:/opt/local/sbin:/opt/local/bin:/opt/local/sbin:/opt/local/bin:/opt/local/sbin:/opt/local/bin:/opt/local/sbin:/opt/local/bin:/opt/local/sbin:/usr/local/bin:/usr/bin:/bin:/usr/sbin:/sbin:/opt/X11/bin
SHELL=/bin/bash
DISPLAY=/private/tmp/com.apple.launchd.5wHoczcYKy/org.macosforge.xquartz:0

Signal Handlers:
SIGSEGV: [libjvm.dylib+0x55faef], sa_mask[0]=0xfffefeff, sa_flags=0x00000043
SIGBUS: [libjvm.dylib+0x55faef], sa_mask[0]=0xfffefeff, sa_flags=0x00000042
SIGFPE: [libjvm.dylib+0x44305a], sa_mask[0]=0xfffefeff, sa_flags=0x00000042
SIGPIPE: [libjvm.dylib+0x44305a], sa_mask[0]=0xfffefeff, sa_flags=0x00000042
SIGXFSZ: [libjvm.dylib+0x44305a], sa_mask[0]=0xfffefeff, sa_flags=0x00000042
SIGILL: [libjvm.dylib+0x44305a], sa_mask[0]=0xfffefeff, sa_flags=0x00000042
SIGUSR1: SIG_DFL, sa_mask[0]=0x00000000, sa_flags=0x00000000
SIGUSR2: [libjvm.dylib+0x442b78], sa_mask[0]=0x00000004, sa_flags=0x00000042
SIGHUP: [libjvm.dylib+0x440f05], sa_mask[0]=0xfffefeff, sa_flags=0x00000042
SIGINT: [libjvm.dylib+0x440f05], sa_mask[0]=0xfffefeff, sa_flags=0x00000042
SIGTERM: [libjvm.dylib+0x440f05], sa_mask[0]=0xfffefeff, sa_flags=0x00000042
SIGQUIT: [libjvm.dylib+0x440f05], sa_mask[0]=0xfffefeff, sa_flags=0x00000042


---------------  S Y S T E M  ---------------

OS:Bsduname:Darwin 14.4.0 Darwin Kernel Version 14.4.0: Thu May 28 11:35:04 PDT 2015; root:xnu-2782.30.5~1/RELEASE_X86_64 x86_64
rlimit: STACK 8192k, CORE 0k, NPROC 709, NOFILE 10240, AS infinity
load average:2.73 2.86 3.18

CPU:total 8 (4 cores per cpu, 2 threads per core) family 6 model 58 stepping 9, cmov, cx8, fxsr, mmx, sse, sse2, sse3, ssse3, sse4.1, sse4.2, popcnt, avx, aes, clmul, erms, ht, tsc, tscinvbit

Memory: 4k page, physical 8388608k(159960k free)

/proc/meminfo:


vm_info: Java HotSpot(TM) 64-Bit Server VM (25.0-b70) for bsd-amd64 JRE (1.8.0-b132), built on Mar  4 2014 03:11:43 by "java_re" with gcc 4.2.1 (Based on Apple Inc. build 5658) (LLVM build 2336.11.00)

time: Thu Jul 30 04:25:53 2015
elapsed time: 1 seconds

